{"/home/ubuntu/Builds/Redust/src/components/CommandPalette.tsx": {"path":"/home/ubuntu/Builds/Redust/src/components/CommandPalette.tsx","statementMap":{"0":{"start":{"line":22,"column":26},"end":{"line":22,"column":null}},"1":{"start":{"line":23,"column":40},"end":{"line":23,"column":null}},"2":{"start":{"line":25,"column":8},"end":{"line":28,"column":null}},"3":{"start":{"line":26,"column":17},"end":{"line":26,"column":null}},"4":{"start":{"line":26,"column":45},"end":{"line":26,"column":55}},"5":{"start":{"line":27,"column":4},"end":{"line":27,"column":null}},"6":{"start":{"line":30,"column":8},"end":{"line":39,"column":null}},"7":{"start":{"line":31,"column":4},"end":{"line":31,"column":null}},"8":{"start":{"line":31,"column":24},"end":{"line":31,"column":null}},"9":{"start":{"line":33,"column":24},"end":{"line":33,"column":null}},"10":{"start":{"line":34,"column":4},"end":{"line":38,"column":null}},"11":{"start":{"line":36,"column":8},"end":{"line":37,"column":null}},"12":{"start":{"line":41,"column":2},"end":{"line":43,"column":null}},"13":{"start":{"line":42,"column":4},"end":{"line":42,"column":null}},"14":{"start":{"line":45,"column":2},"end":{"line":72,"column":null}},"15":{"start":{"line":46,"column":26},"end":{"line":66,"column":null}},"16":{"start":{"line":47,"column":6},"end":{"line":47,"column":null}},"17":{"start":{"line":47,"column":19},"end":{"line":47,"column":null}},"18":{"start":{"line":49,"column":6},"end":{"line":65,"column":null}},"19":{"start":{"line":50,"column":8},"end":{"line":50,"column":null}},"20":{"start":{"line":51,"column":6},"end":{"line":65,"column":null}},"21":{"start":{"line":52,"column":8},"end":{"line":52,"column":null}},"22":{"start":{"line":53,"column":8},"end":{"line":53,"column":null}},"23":{"start":{"line":53,"column":36},"end":{"line":53,"column":89}},"24":{"start":{"line":54,"column":6},"end":{"line":65,"column":null}},"25":{"start":{"line":55,"column":8},"end":{"line":55,"column":null}},"26":{"start":{"line":56,"column":8},"end":{"line":56,"column":null}},"27":{"start":{"line":56,"column":36},"end":{"line":56,"column":60}},"28":{"start":{"line":57,"column":6},"end":{"line":65,"column":null}},"29":{"start":{"line":58,"column":8},"end":{"line":58,"column":null}},"30":{"start":{"line":59,"column":25},"end":{"line":59,"column":null}},"31":{"start":{"line":60,"column":8},"end":{"line":64,"column":null}},"32":{"start":{"line":61,"column":10},"end":{"line":61,"column":null}},"33":{"start":{"line":62,"column":10},"end":{"line":62,"column":null}},"34":{"start":{"line":63,"column":10},"end":{"line":63,"column":null}},"35":{"start":{"line":68,"column":4},"end":{"line":71,"column":null}},"36":{"start":{"line":69,"column":6},"end":{"line":69,"column":null}},"37":{"start":{"line":70,"column":6},"end":{"line":70,"column":null}},"38":{"start":{"line":70,"column":19},"end":{"line":70,"column":null}},"39":{"start":{"line":74,"column":2},"end":{"line":74,"column":null}},"40":{"start":{"line":74,"column":15},"end":{"line":74,"column":null}},"41":{"start":{"line":76,"column":26},"end":{"line":76,"column":null}},"42":{"start":{"line":78,"column":2},"end":{"line":155,"column":null}},"43":{"start":{"line":86,"column":31},"end":{"line":86,"column":null}},"44":{"start":{"line":109,"column":43},"end":{"line":109,"column":null}},"45":{"start":{"line":109,"column":74},"end":{"line":109,"column":97}},"46":{"start":{"line":110,"column":18},"end":{"line":110,"column":null}},"47":{"start":{"line":110,"column":53},"end":{"line":110,"column":null}},"48":{"start":{"line":112,"column":18},"end":{"line":147,"column":null}},"49":{"start":{"line":118,"column":24},"end":{"line":145,"column":null}},"50":{"start":{"line":121,"column":28},"end":{"line":121,"column":null}},"51":{"start":{"line":122,"column":28},"end":{"line":122,"column":null}},"52":{"start":{"line":123,"column":28},"end":{"line":123,"column":null}}},"fnMap":{"0":{"name":"CommandPalette","decl":{"start":{"line":21,"column":16},"end":{"line":21,"column":31}},"loc":{"start":{"line":21,"column":83},"end":{"line":157,"column":null}},"line":21},"1":{"name":"(anonymous_1)","decl":{"start":{"line":25,"column":29},"end":{"line":25,"column":35}},"loc":{"start":{"line":25,"column":35},"end":{"line":28,"column":5}},"line":25},"2":{"name":"(anonymous_2)","decl":{"start":{"line":26,"column":38},"end":{"line":26,"column":39}},"loc":{"start":{"line":26,"column":45},"end":{"line":26,"column":55}},"line":26},"3":{"name":"(anonymous_3)","decl":{"start":{"line":30,"column":35},"end":{"line":30,"column":41}},"loc":{"start":{"line":30,"column":41},"end":{"line":39,"column":5}},"line":30},"4":{"name":"(anonymous_4)","decl":{"start":{"line":35,"column":6},"end":{"line":35,"column":7}},"loc":{"start":{"line":36,"column":8},"end":{"line":37,"column":null}},"line":36},"5":{"name":"(anonymous_5)","decl":{"start":{"line":41,"column":12},"end":{"line":41,"column":18}},"loc":{"start":{"line":41,"column":18},"end":{"line":43,"column":5}},"line":41},"6":{"name":"(anonymous_6)","decl":{"start":{"line":45,"column":12},"end":{"line":45,"column":18}},"loc":{"start":{"line":45,"column":18},"end":{"line":72,"column":5}},"line":45},"7":{"name":"(anonymous_7)","decl":{"start":{"line":46,"column":26},"end":{"line":46,"column":27}},"loc":{"start":{"line":46,"column":48},"end":{"line":66,"column":null}},"line":46},"8":{"name":"(anonymous_8)","decl":{"start":{"line":53,"column":25},"end":{"line":53,"column":26}},"loc":{"start":{"line":53,"column":36},"end":{"line":53,"column":89}},"line":53},"9":{"name":"(anonymous_9)","decl":{"start":{"line":56,"column":25},"end":{"line":56,"column":26}},"loc":{"start":{"line":56,"column":36},"end":{"line":56,"column":60}},"line":56},"10":{"name":"(anonymous_10)","decl":{"start":{"line":70,"column":13},"end":{"line":70,"column":19}},"loc":{"start":{"line":70,"column":19},"end":{"line":70,"column":null}},"line":70},"11":{"name":"(anonymous_11)","decl":{"start":{"line":86,"column":24},"end":{"line":86,"column":25}},"loc":{"start":{"line":86,"column":31},"end":{"line":86,"column":null}},"line":86},"12":{"name":"(anonymous_12)","decl":{"start":{"line":108,"column":32},"end":{"line":108,"column":33}},"loc":{"start":{"line":108,"column":46},"end":{"line":149,"column":17}},"line":108},"13":{"name":"(anonymous_13)","decl":{"start":{"line":109,"column":67},"end":{"line":109,"column":68}},"loc":{"start":{"line":109,"column":74},"end":{"line":109,"column":97}},"line":109},"14":{"name":"(anonymous_14)","decl":{"start":{"line":117,"column":44},"end":{"line":117,"column":45}},"loc":{"start":{"line":118,"column":24},"end":{"line":145,"column":null}},"line":118},"15":{"name":"(anonymous_15)","decl":{"start":{"line":120,"column":35},"end":{"line":120,"column":41}},"loc":{"start":{"line":120,"column":41},"end":{"line":124,"column":null}},"line":120}},"branchMap":{"0":{"loc":{"start":{"line":31,"column":4},"end":{"line":31,"column":null}},"type":"if","locations":[{"start":{"line":31,"column":4},"end":{"line":31,"column":null}},{"start":{},"end":{}}],"line":31},"1":{"loc":{"start":{"line":36,"column":8},"end":{"line":37,"column":null}},"type":"binary-expr","locations":[{"start":{"line":36,"column":8},"end":{"line":36,"column":null}},{"start":{"line":37,"column":9},"end":{"line":37,"column":26}},{"start":{"line":37,"column":26},"end":{"line":37,"column":null}}],"line":36},"2":{"loc":{"start":{"line":47,"column":6},"end":{"line":47,"column":null}},"type":"if","locations":[{"start":{"line":47,"column":6},"end":{"line":47,"column":null}},{"start":{},"end":{}}],"line":47},"3":{"loc":{"start":{"line":49,"column":6},"end":{"line":65,"column":null}},"type":"if","locations":[{"start":{"line":49,"column":6},"end":{"line":65,"column":null}},{"start":{"line":51,"column":6},"end":{"line":65,"column":null}}],"line":49},"4":{"loc":{"start":{"line":51,"column":6},"end":{"line":65,"column":null}},"type":"if","locations":[{"start":{"line":51,"column":6},"end":{"line":65,"column":null}},{"start":{"line":54,"column":6},"end":{"line":65,"column":null}}],"line":51},"5":{"loc":{"start":{"line":53,"column":36},"end":{"line":53,"column":89}},"type":"cond-expr","locations":[{"start":{"line":53,"column":73},"end":{"line":53,"column":84}},{"start":{"line":53,"column":84},"end":{"line":53,"column":89}}],"line":53},"6":{"loc":{"start":{"line":54,"column":6},"end":{"line":65,"column":null}},"type":"if","locations":[{"start":{"line":54,"column":6},"end":{"line":65,"column":null}},{"start":{"line":57,"column":6},"end":{"line":65,"column":null}}],"line":54},"7":{"loc":{"start":{"line":56,"column":36},"end":{"line":56,"column":60}},"type":"cond-expr","locations":[{"start":{"line":56,"column":47},"end":{"line":56,"column":58}},{"start":{"line":56,"column":58},"end":{"line":56,"column":60}}],"line":56},"8":{"loc":{"start":{"line":57,"column":6},"end":{"line":65,"column":null}},"type":"if","locations":[{"start":{"line":57,"column":6},"end":{"line":65,"column":null}},{"start":{},"end":{}}],"line":57},"9":{"loc":{"start":{"line":60,"column":8},"end":{"line":64,"column":null}},"type":"if","locations":[{"start":{"line":60,"column":8},"end":{"line":64,"column":null}},{"start":{},"end":{}}],"line":60},"10":{"loc":{"start":{"line":68,"column":4},"end":{"line":71,"column":null}},"type":"if","locations":[{"start":{"line":68,"column":4},"end":{"line":71,"column":null}},{"start":{},"end":{}}],"line":68},"11":{"loc":{"start":{"line":74,"column":2},"end":{"line":74,"column":null}},"type":"if","locations":[{"start":{"line":74,"column":2},"end":{"line":74,"column":null}},{"start":{},"end":{}}],"line":74},"12":{"loc":{"start":{"line":102,"column":13},"end":{"line":150,"column":null}},"type":"cond-expr","locations":[{"start":{"line":103,"column":14},"end":{"line":105,"column":null}},{"start":{"line":107,"column":14},"end":{"line":150,"column":null}}],"line":102},"13":{"loc":{"start":{"line":110,"column":18},"end":{"line":110,"column":null}},"type":"if","locations":[{"start":{"line":110,"column":18},"end":{"line":110,"column":null}},{"start":{},"end":{}}],"line":110},"14":{"loc":{"start":{"line":126,"column":28},"end":{"line":128,"column":null}},"type":"cond-expr","locations":[{"start":{"line":127,"column":32},"end":{"line":127,"column":null}},{"start":{"line":128,"column":32},"end":{"line":128,"column":null}}],"line":126},"15":{"loc":{"start":{"line":132,"column":29},"end":{"line":132,"column":null}},"type":"binary-expr","locations":[{"start":{"line":132,"column":29},"end":{"line":132,"column":45}},{"start":{"line":132,"column":45},"end":{"line":132,"column":null}}],"line":132},"16":{"loc":{"start":{"line":135,"column":31},"end":{"line":136,"column":null}},"type":"binary-expr","locations":[{"start":{"line":135,"column":31},"end":{"line":135,"column":null}},{"start":{"line":136,"column":32},"end":{"line":136,"column":null}}],"line":135},"17":{"loc":{"start":{"line":140,"column":27},"end":{"line":143,"column":null}},"type":"binary-expr","locations":[{"start":{"line":140,"column":27},"end":{"line":140,"column":null}},{"start":{"line":141,"column":28},"end":{"line":143,"column":null}}],"line":140}},"s":{"0":52,"1":52,"2":52,"3":23,"4":69,"5":23,"6":52,"7":30,"8":24,"9":6,"10":6,"11":18,"12":52,"13":30,"14":52,"15":39,"16":13,"17":0,"18":13,"19":1,"20":12,"21":8,"22":8,"23":8,"24":4,"25":2,"26":2,"27":2,"28":2,"29":2,"30":2,"31":2,"32":2,"33":2,"34":2,"35":39,"36":37,"37":37,"38":37,"39":52,"40":2,"41":50,"42":50,"43":6,"44":96,"45":256,"46":96,"47":10,"48":86,"49":128,"50":2,"51":2,"52":2},"f":{"0":52,"1":23,"2":69,"3":30,"4":18,"5":30,"6":39,"7":13,"8":8,"9":2,"10":37,"11":6,"12":96,"13":256,"14":128,"15":2},"b":{"0":[24,6],"1":[18,12,12],"2":[0,13],"3":[1,12],"4":[8,4],"5":[7,1],"6":[2,2],"7":[1,1],"8":[2,0],"9":[2,0],"10":[37,2],"11":[2,50],"12":[2,48],"13":[10,86],"14":[47,81],"15":[128,128],"16":[128,128],"17":[128,88]},"meta":{"lastBranch":18,"lastFunction":16,"lastStatement":53,"seen":{"f:21:16:21:31":0,"s:22:26:22:Infinity":0,"s:23:40:23:Infinity":1,"s:25:8:28:Infinity":2,"f:25:29:25:35":1,"s:26:17:26:Infinity":3,"f:26:38:26:39":2,"s:26:45:26:55":4,"s:27:4:27:Infinity":5,"s:30:8:39:Infinity":6,"f:30:35:30:41":3,"b:31:4:31:Infinity:undefined:undefined:undefined:undefined":0,"s:31:4:31:Infinity":7,"s:31:24:31:Infinity":8,"s:33:24:33:Infinity":9,"s:34:4:38:Infinity":10,"f:35:6:35:7":4,"s:36:8:37:Infinity":11,"b:36:8:36:Infinity:37:9:37:26:37:26:37:Infinity":1,"s:41:2:43:Infinity":12,"f:41:12:41:18":5,"s:42:4:42:Infinity":13,"s:45:2:72:Infinity":14,"f:45:12:45:18":6,"s:46:26:66:Infinity":15,"f:46:26:46:27":7,"b:47:6:47:Infinity:undefined:undefined:undefined:undefined":2,"s:47:6:47:Infinity":16,"s:47:19:47:Infinity":17,"b:49:6:65:Infinity:51:6:65:Infinity":3,"s:49:6:65:Infinity":18,"s:50:8:50:Infinity":19,"b:51:6:65:Infinity:54:6:65:Infinity":4,"s:51:6:65:Infinity":20,"s:52:8:52:Infinity":21,"s:53:8:53:Infinity":22,"f:53:25:53:26":8,"s:53:36:53:89":23,"b:53:73:53:84:53:84:53:89":5,"b:54:6:65:Infinity:57:6:65:Infinity":6,"s:54:6:65:Infinity":24,"s:55:8:55:Infinity":25,"s:56:8:56:Infinity":26,"f:56:25:56:26":9,"s:56:36:56:60":27,"b:56:47:56:58:56:58:56:60":7,"b:57:6:65:Infinity:undefined:undefined:undefined:undefined":8,"s:57:6:65:Infinity":28,"s:58:8:58:Infinity":29,"s:59:25:59:Infinity":30,"b:60:8:64:Infinity:undefined:undefined:undefined:undefined":9,"s:60:8:64:Infinity":31,"s:61:10:61:Infinity":32,"s:62:10:62:Infinity":33,"s:63:10:63:Infinity":34,"b:68:4:71:Infinity:undefined:undefined:undefined:undefined":10,"s:68:4:71:Infinity":35,"s:69:6:69:Infinity":36,"s:70:6:70:Infinity":37,"f:70:13:70:19":10,"s:70:19:70:Infinity":38,"b:74:2:74:Infinity:undefined:undefined:undefined:undefined":11,"s:74:2:74:Infinity":39,"s:74:15:74:Infinity":40,"s:76:26:76:Infinity":41,"s:78:2:155:Infinity":42,"f:86:24:86:25":11,"s:86:31:86:Infinity":43,"b:103:14:105:Infinity:107:14:150:Infinity":12,"f:108:32:108:33":12,"s:109:43:109:Infinity":44,"f:109:67:109:68":13,"s:109:74:109:97":45,"b:110:18:110:Infinity:undefined:undefined:undefined:undefined":13,"s:110:18:110:Infinity":46,"s:110:53:110:Infinity":47,"s:112:18:147:Infinity":48,"f:117:44:117:45":14,"s:118:24:145:Infinity":49,"f:120:35:120:41":15,"s:121:28:121:Infinity":50,"s:122:28:122:Infinity":51,"s:123:28:123:Infinity":52,"b:127:32:127:Infinity:128:32:128:Infinity":14,"b:132:29:132:45:132:45:132:Infinity":15,"b:135:31:135:Infinity:136:32:136:Infinity":16,"b:140:27:140:Infinity:141:28:143:Infinity":17}}}
,"/home/ubuntu/Builds/Redust/src/components/ConnectionManager.tsx": {"path":"/home/ubuntu/Builds/Redust/src/components/ConnectionManager.tsx","statementMap":{"0":{"start":{"line":21,"column":24},"end":{"line":21,"column":null}},"1":{"start":{"line":22,"column":22},"end":{"line":22,"column":null}},"2":{"start":{"line":23,"column":22},"end":{"line":23,"column":null}},"3":{"start":{"line":24,"column":22},"end":{"line":24,"column":null}},"4":{"start":{"line":25,"column":30},"end":{"line":25,"column":null}},"5":{"start":{"line":26,"column":30},"end":{"line":26,"column":null}},"6":{"start":{"line":27,"column":20},"end":{"line":27,"column":null}},"7":{"start":{"line":29,"column":23},"end":{"line":53,"column":null}},"8":{"start":{"line":30,"column":4},"end":{"line":30,"column":null}},"9":{"start":{"line":32,"column":44},"end":{"line":40,"column":null}},"10":{"start":{"line":42,"column":4},"end":{"line":42,"column":null}},"11":{"start":{"line":45,"column":4},"end":{"line":45,"column":null}},"12":{"start":{"line":46,"column":4},"end":{"line":46,"column":null}},"13":{"start":{"line":47,"column":4},"end":{"line":47,"column":null}},"14":{"start":{"line":48,"column":4},"end":{"line":48,"column":null}},"15":{"start":{"line":49,"column":4},"end":{"line":49,"column":null}},"16":{"start":{"line":50,"column":4},"end":{"line":50,"column":null}},"17":{"start":{"line":52,"column":4},"end":{"line":52,"column":null}},"18":{"start":{"line":55,"column":2},"end":{"line":55,"column":null}},"19":{"start":{"line":55,"column":15},"end":{"line":55,"column":null}},"20":{"start":{"line":57,"column":2},"end":{"line":143,"column":null}},"21":{"start":{"line":70,"column":31},"end":{"line":70,"column":null}},"22":{"start":{"line":81,"column":33},"end":{"line":81,"column":null}},"23":{"start":{"line":93,"column":33},"end":{"line":93,"column":null}},"24":{"start":{"line":106,"column":31},"end":{"line":106,"column":null}},"25":{"start":{"line":118,"column":31},"end":{"line":118,"column":null}},"26":{"start":{"line":127,"column":31},"end":{"line":127,"column":null}}},"fnMap":{"0":{"name":"ConnectionManager","decl":{"start":{"line":20,"column":16},"end":{"line":20,"column":34}},"loc":{"start":{"line":20,"column":79},"end":{"line":145,"column":null}},"line":20},"1":{"name":"(anonymous_1)","decl":{"start":{"line":29,"column":23},"end":{"line":29,"column":24}},"loc":{"start":{"line":29,"column":47},"end":{"line":53,"column":null}},"line":29},"2":{"name":"(anonymous_2)","decl":{"start":{"line":70,"column":24},"end":{"line":70,"column":25}},"loc":{"start":{"line":70,"column":31},"end":{"line":70,"column":null}},"line":70},"3":{"name":"(anonymous_3)","decl":{"start":{"line":81,"column":26},"end":{"line":81,"column":27}},"loc":{"start":{"line":81,"column":33},"end":{"line":81,"column":null}},"line":81},"4":{"name":"(anonymous_4)","decl":{"start":{"line":93,"column":26},"end":{"line":93,"column":27}},"loc":{"start":{"line":93,"column":33},"end":{"line":93,"column":null}},"line":93},"5":{"name":"(anonymous_5)","decl":{"start":{"line":106,"column":24},"end":{"line":106,"column":25}},"loc":{"start":{"line":106,"column":31},"end":{"line":106,"column":null}},"line":106},"6":{"name":"(anonymous_6)","decl":{"start":{"line":118,"column":24},"end":{"line":118,"column":25}},"loc":{"start":{"line":118,"column":31},"end":{"line":118,"column":null}},"line":118},"7":{"name":"(anonymous_7)","decl":{"start":{"line":127,"column":24},"end":{"line":127,"column":25}},"loc":{"start":{"line":127,"column":31},"end":{"line":127,"column":null}},"line":127}},"branchMap":{"0":{"loc":{"start":{"line":34,"column":12},"end":{"line":34,"column":null}},"type":"binary-expr","locations":[{"start":{"line":34,"column":12},"end":{"line":34,"column":20}},{"start":{"line":34,"column":20},"end":{"line":34,"column":null}}],"line":34},"1":{"loc":{"start":{"line":37,"column":16},"end":{"line":37,"column":null}},"type":"binary-expr","locations":[{"start":{"line":37,"column":16},"end":{"line":37,"column":28}},{"start":{"line":37,"column":28},"end":{"line":37,"column":null}}],"line":37},"2":{"loc":{"start":{"line":38,"column":16},"end":{"line":38,"column":null}},"type":"cond-expr","locations":[{"start":{"line":38,"column":33},"end":{"line":38,"column":45}},{"start":{"line":38,"column":45},"end":{"line":38,"column":null}}],"line":38},"3":{"loc":{"start":{"line":55,"column":2},"end":{"line":55,"column":null}},"type":"if","locations":[{"start":{"line":55,"column":2},"end":{"line":55,"column":null}},{"start":{},"end":{}}],"line":55}},"s":{"0":21,"1":21,"2":21,"3":21,"4":21,"5":21,"6":21,"7":21,"8":6,"9":6,"10":6,"11":6,"12":6,"13":6,"14":6,"15":6,"16":6,"17":6,"18":21,"19":1,"20":20,"21":3,"22":0,"23":0,"24":1,"25":0,"26":1},"f":{"0":21,"1":6,"2":3,"3":0,"4":0,"5":1,"6":0,"7":1},"b":{"0":[6,4],"1":[6,5],"2":[6,0],"3":[1,20]},"meta":{"lastBranch":4,"lastFunction":8,"lastStatement":27,"seen":{"f:20:16:20:34":0,"s:21:24:21:Infinity":0,"s:22:22:22:Infinity":1,"s:23:22:23:Infinity":2,"s:24:22:24:Infinity":3,"s:25:30:25:Infinity":4,"s:26:30:26:Infinity":5,"s:27:20:27:Infinity":6,"s:29:23:53:Infinity":7,"f:29:23:29:24":1,"s:30:4:30:Infinity":8,"s:32:44:40:Infinity":9,"b:34:12:34:20:34:20:34:Infinity":0,"b:37:16:37:28:37:28:37:Infinity":1,"b:38:33:38:45:38:45:38:Infinity":2,"s:42:4:42:Infinity":10,"s:45:4:45:Infinity":11,"s:46:4:46:Infinity":12,"s:47:4:47:Infinity":13,"s:48:4:48:Infinity":14,"s:49:4:49:Infinity":15,"s:50:4:50:Infinity":16,"s:52:4:52:Infinity":17,"b:55:2:55:Infinity:undefined:undefined:undefined:undefined":3,"s:55:2:55:Infinity":18,"s:55:15:55:Infinity":19,"s:57:2:143:Infinity":20,"f:70:24:70:25":2,"s:70:31:70:Infinity":21,"f:81:26:81:27":3,"s:81:33:81:Infinity":22,"f:93:26:93:27":4,"s:93:33:93:Infinity":23,"f:106:24:106:25":5,"s:106:31:106:Infinity":24,"f:118:24:118:25":6,"s:118:31:118:Infinity":25,"f:127:24:127:25":7,"s:127:31:127:Infinity":26}}}
,"/home/ubuntu/Builds/Redust/src/components/SplitPane.tsx": {"path":"/home/ubuntu/Builds/Redust/src/components/SplitPane.tsx","statementMap":{"0":{"start":{"line":6,"column":90},"end":{"line":7,"column":null}},"1":{"start":{"line":9,"column":2},"end":{"line":9,"column":null}},"2":{"start":{"line":9,"column":28},"end":{"line":9,"column":null}},"3":{"start":{"line":11,"column":23},"end":{"line":11,"column":null}},"4":{"start":{"line":13,"column":2},"end":{"line":99,"column":null}},"5":{"start":{"line":20,"column":29},"end":{"line":20,"column":null}},"6":{"start":{"line":27,"column":29},"end":{"line":27,"column":null}},"7":{"start":{"line":45,"column":41},"end":{"line":45,"column":59}},"8":{"start":{"line":56,"column":35},"end":{"line":56,"column":null}},"9":{"start":{"line":76,"column":41},"end":{"line":76,"column":60}},"10":{"start":{"line":87,"column":35},"end":{"line":87,"column":null}},"11":{"start":{"line":104,"column":32},"end":{"line":104,"column":null}},"12":{"start":{"line":106,"column":2},"end":{"line":115,"column":null}},"13":{"start":{"line":107,"column":4},"end":{"line":113,"column":null}},"14":{"start":{"line":110,"column":23},"end":{"line":110,"column":null}},"15":{"start":{"line":117,"column":2},"end":{"line":120,"column":null}}},"fnMap":{"0":{"name":"SplitPane","decl":{"start":{"line":5,"column":16},"end":{"line":5,"column":28}},"loc":{"start":{"line":5,"column":28},"end":{"line":101,"column":null}},"line":5},"1":{"name":"(anonymous_1)","decl":{"start":{"line":20,"column":23},"end":{"line":20,"column":29}},"loc":{"start":{"line":20,"column":29},"end":{"line":20,"column":null}},"line":20},"2":{"name":"(anonymous_2)","decl":{"start":{"line":27,"column":23},"end":{"line":27,"column":29}},"loc":{"start":{"line":27,"column":29},"end":{"line":27,"column":null}},"line":27},"3":{"name":"(anonymous_3)","decl":{"start":{"line":45,"column":35},"end":{"line":45,"column":41}},"loc":{"start":{"line":45,"column":41},"end":{"line":45,"column":59}},"line":45},"4":{"name":"(anonymous_4)","decl":{"start":{"line":56,"column":29},"end":{"line":56,"column":35}},"loc":{"start":{"line":56,"column":35},"end":{"line":56,"column":null}},"line":56},"5":{"name":"(anonymous_5)","decl":{"start":{"line":76,"column":35},"end":{"line":76,"column":41}},"loc":{"start":{"line":76,"column":41},"end":{"line":76,"column":60}},"line":76},"6":{"name":"(anonymous_6)","decl":{"start":{"line":87,"column":29},"end":{"line":87,"column":35}},"loc":{"start":{"line":87,"column":35},"end":{"line":87,"column":null}},"line":87},"7":{"name":"SplitButton","decl":{"start":{"line":103,"column":16},"end":{"line":103,"column":30}},"loc":{"start":{"line":103,"column":30},"end":{"line":122,"column":null}},"line":103},"8":{"name":"(anonymous_8)","decl":{"start":{"line":110,"column":17},"end":{"line":110,"column":23}},"loc":{"start":{"line":110,"column":23},"end":{"line":110,"column":null}},"line":110}},"branchMap":{"0":{"loc":{"start":{"line":9,"column":2},"end":{"line":9,"column":null}},"type":"if","locations":[{"start":{"line":9,"column":2},"end":{"line":9,"column":null}},{"start":{},"end":{}}],"line":9},"1":{"loc":{"start":{"line":21,"column":23},"end":{"line":21,"column":null}},"type":"cond-expr","locations":[{"start":{"line":21,"column":38},"end":{"line":21,"column":50}},{"start":{"line":21,"column":50},"end":{"line":21,"column":null}}],"line":21},"2":{"loc":{"start":{"line":28,"column":23},"end":{"line":28,"column":null}},"type":"cond-expr","locations":[{"start":{"line":28,"column":39},"end":{"line":28,"column":51}},{"start":{"line":28,"column":51},"end":{"line":28,"column":null}}],"line":28},"3":{"loc":{"start":{"line":39,"column":55},"end":{"line":39,"column":93}},"type":"cond-expr","locations":[{"start":{"line":39,"column":70},"end":{"line":39,"column":83}},{"start":{"line":39,"column":83},"end":{"line":39,"column":93}}],"line":39},"4":{"loc":{"start":{"line":40,"column":29},"end":{"line":40,"column":61}},"type":"cond-expr","locations":[{"start":{"line":40,"column":44},"end":{"line":40,"column":54}},{"start":{"line":40,"column":54},"end":{"line":40,"column":61}}],"line":40},"5":{"loc":{"start":{"line":44,"column":17},"end":{"line":47,"column":null}},"type":"binary-expr","locations":[{"start":{"line":44,"column":17},"end":{"line":44,"column":null}},{"start":{"line":45,"column":18},"end":{"line":47,"column":null}}],"line":44},"6":{"loc":{"start":{"line":51,"column":17},"end":{"line":61,"column":null}},"type":"cond-expr","locations":[{"start":{"line":52,"column":18},"end":{"line":57,"column":null}},{"start":{"line":59,"column":18},"end":{"line":61,"column":null}}],"line":51},"7":{"loc":{"start":{"line":68,"column":56},"end":{"line":68,"column":102}},"type":"cond-expr","locations":[{"start":{"line":68,"column":71},"end":{"line":68,"column":88}},{"start":{"line":68,"column":88},"end":{"line":68,"column":102}}],"line":68},"8":{"loc":{"start":{"line":71,"column":29},"end":{"line":71,"column":61}},"type":"cond-expr","locations":[{"start":{"line":71,"column":44},"end":{"line":71,"column":54}},{"start":{"line":71,"column":54},"end":{"line":71,"column":61}}],"line":71},"9":{"loc":{"start":{"line":75,"column":17},"end":{"line":78,"column":null}},"type":"binary-expr","locations":[{"start":{"line":75,"column":17},"end":{"line":75,"column":null}},{"start":{"line":76,"column":18},"end":{"line":78,"column":null}}],"line":75},"10":{"loc":{"start":{"line":82,"column":17},"end":{"line":92,"column":null}},"type":"cond-expr","locations":[{"start":{"line":83,"column":18},"end":{"line":88,"column":null}},{"start":{"line":90,"column":18},"end":{"line":92,"column":null}}],"line":82},"11":{"loc":{"start":{"line":106,"column":2},"end":{"line":115,"column":null}},"type":"if","locations":[{"start":{"line":106,"column":2},"end":{"line":115,"column":null}},{"start":{},"end":{}}],"line":106}},"s":{"0":9,"1":9,"2":0,"3":9,"4":9,"5":1,"6":1,"7":1,"8":0,"9":1,"10":0,"11":0,"12":0,"13":0,"14":0,"15":0},"f":{"0":9,"1":1,"2":1,"3":1,"4":0,"5":1,"6":0,"7":0,"8":0},"b":{"0":[0,9],"1":[9,0],"2":[0,9],"3":[9,0],"4":[9,0],"5":[9,9],"6":[9,0],"7":[9,0],"8":[9,0],"9":[9,9],"10":[9,0],"11":[0,0]},"meta":{"lastBranch":12,"lastFunction":9,"lastStatement":16,"seen":{"f:5:16:5:28":0,"s:6:90:7:Infinity":0,"b:9:2:9:Infinity:undefined:undefined:undefined:undefined":0,"s:9:2:9:Infinity":1,"s:9:28:9:Infinity":2,"s:11:23:11:Infinity":3,"s:13:2:99:Infinity":4,"f:20:23:20:29":1,"s:20:29:20:Infinity":5,"b:21:38:21:50:21:50:21:Infinity":1,"f:27:23:27:29":2,"s:27:29:27:Infinity":6,"b:28:39:28:51:28:51:28:Infinity":2,"b:39:70:39:83:39:83:39:93":3,"b:40:44:40:54:40:54:40:61":4,"b:44:17:44:Infinity:45:18:47:Infinity":5,"f:45:35:45:41":3,"s:45:41:45:59":7,"b:52:18:57:Infinity:59:18:61:Infinity":6,"f:56:29:56:35":4,"s:56:35:56:Infinity":8,"b:68:71:68:88:68:88:68:102":7,"b:71:44:71:54:71:54:71:61":8,"b:75:17:75:Infinity:76:18:78:Infinity":9,"f:76:35:76:41":5,"s:76:41:76:60":9,"b:83:18:88:Infinity:90:18:92:Infinity":10,"f:87:29:87:35":6,"s:87:35:87:Infinity":10,"f:103:16:103:30":7,"s:104:32:104:Infinity":11,"b:106:2:115:Infinity:undefined:undefined:undefined:undefined":11,"s:106:2:115:Infinity":12,"s:107:4:113:Infinity":13,"f:110:17:110:23":8,"s:110:23:110:Infinity":14,"s:117:2:120:Infinity":15}}}
,"/home/ubuntu/Builds/Redust/src/components/ThemeToggle.tsx": {"path":"/home/ubuntu/Builds/Redust/src/components/ThemeToggle.tsx","statementMap":{"0":{"start":{"line":4,"column":29},"end":{"line":4,"column":null}},"1":{"start":{"line":6,"column":17},"end":{"line":10,"column":null}},"2":{"start":{"line":12,"column":23},"end":{"line":12,"column":null}},"3":{"start":{"line":12,"column":42},"end":{"line":12,"column":59}},"4":{"start":{"line":14,"column":2},"end":{"line":22,"column":null}}},"fnMap":{"0":{"name":"ThemeToggle","decl":{"start":{"line":3,"column":16},"end":{"line":3,"column":30}},"loc":{"start":{"line":3,"column":30},"end":{"line":24,"column":null}},"line":3},"1":{"name":"(anonymous_1)","decl":{"start":{"line":12,"column":35},"end":{"line":12,"column":36}},"loc":{"start":{"line":12,"column":42},"end":{"line":12,"column":59}},"line":12}},"branchMap":{},"s":{"0":3,"1":3,"2":3,"3":3,"4":3},"f":{"0":3,"1":3},"b":{},"meta":{"lastBranch":0,"lastFunction":2,"lastStatement":5,"seen":{"f:3:16:3:30":0,"s:4:29:4:Infinity":0,"s:6:17:10:Infinity":1,"s:12:23:12:Infinity":2,"f:12:35:12:36":1,"s:12:42:12:59":3,"s:14:2:22:Infinity":4}}}
,"/home/ubuntu/Builds/Redust/src/hooks/useDebounce.ts": {"path":"/home/ubuntu/Builds/Redust/src/hooks/useDebounce.ts","statementMap":{"0":{"start":{"line":6,"column":42},"end":{"line":6,"column":null}},"1":{"start":{"line":8,"column":2},"end":{"line":16,"column":null}},"2":{"start":{"line":9,"column":18},"end":{"line":11,"column":null}},"3":{"start":{"line":10,"column":6},"end":{"line":10,"column":null}},"4":{"start":{"line":13,"column":4},"end":{"line":15,"column":null}},"5":{"start":{"line":14,"column":6},"end":{"line":14,"column":null}},"6":{"start":{"line":18,"column":2},"end":{"line":18,"column":null}},"7":{"start":{"line":25,"column":32},"end":{"line":25,"column":null}},"8":{"start":{"line":27,"column":2},"end":{"line":33,"column":null}},"9":{"start":{"line":28,"column":4},"end":{"line":32,"column":null}},"10":{"start":{"line":29,"column":6},"end":{"line":31,"column":null}},"11":{"start":{"line":30,"column":8},"end":{"line":30,"column":null}},"12":{"start":{"line":35,"column":2},"end":{"line":43,"column":null}},"13":{"start":{"line":36,"column":4},"end":{"line":38,"column":null}},"14":{"start":{"line":37,"column":6},"end":{"line":37,"column":null}},"15":{"start":{"line":39,"column":25},"end":{"line":41,"column":null}},"16":{"start":{"line":40,"column":6},"end":{"line":40,"column":null}},"17":{"start":{"line":42,"column":4},"end":{"line":42,"column":null}}},"fnMap":{"0":{"name":"useDebounce","decl":{"start":{"line":5,"column":16},"end":{"line":5,"column":31}},"loc":{"start":{"line":5,"column":65},"end":{"line":19,"column":null}},"line":5},"1":{"name":"(anonymous_1)","decl":{"start":{"line":8,"column":12},"end":{"line":8,"column":18}},"loc":{"start":{"line":8,"column":18},"end":{"line":16,"column":5}},"line":8},"2":{"name":"(anonymous_2)","decl":{"start":{"line":9,"column":29},"end":{"line":9,"column":35}},"loc":{"start":{"line":9,"column":35},"end":{"line":11,"column":7}},"line":9},"3":{"name":"(anonymous_3)","decl":{"start":{"line":13,"column":11},"end":{"line":13,"column":17}},"loc":{"start":{"line":13,"column":17},"end":{"line":15,"column":null}},"line":13},"4":{"name":"useDebouncedCallback","decl":{"start":{"line":21,"column":16},"end":{"line":21,"column":null}},"loc":{"start":{"line":24,"column":5},"end":{"line":44,"column":null}},"line":24},"5":{"name":"(anonymous_5)","decl":{"start":{"line":27,"column":12},"end":{"line":27,"column":18}},"loc":{"start":{"line":27,"column":18},"end":{"line":33,"column":5}},"line":27},"6":{"name":"(anonymous_6)","decl":{"start":{"line":28,"column":11},"end":{"line":28,"column":17}},"loc":{"start":{"line":28,"column":17},"end":{"line":32,"column":null}},"line":28},"7":{"name":"(anonymous_7)","decl":{"start":{"line":35,"column":10},"end":{"line":35,"column":14}},"loc":{"start":{"line":35,"column":30},"end":{"line":43,"column":null}},"line":35},"8":{"name":"(anonymous_8)","decl":{"start":{"line":39,"column":36},"end":{"line":39,"column":42}},"loc":{"start":{"line":39,"column":42},"end":{"line":41,"column":7}},"line":39}},"branchMap":{"0":{"loc":{"start":{"line":5,"column":41},"end":{"line":5,"column":65}},"type":"default-arg","locations":[{"start":{"line":5,"column":57},"end":{"line":5,"column":65}}],"line":5},"1":{"loc":{"start":{"line":23,"column":2},"end":{"line":23,"column":null}},"type":"default-arg","locations":[{"start":{"line":23,"column":18},"end":{"line":23,"column":null}}],"line":23},"2":{"loc":{"start":{"line":29,"column":6},"end":{"line":31,"column":null}},"type":"if","locations":[{"start":{"line":29,"column":6},"end":{"line":31,"column":null}},{"start":{},"end":{}}],"line":29},"3":{"loc":{"start":{"line":36,"column":4},"end":{"line":38,"column":null}},"type":"if","locations":[{"start":{"line":36,"column":4},"end":{"line":38,"column":null}},{"start":{},"end":{}}],"line":36}},"s":{"0":21,"1":21,"2":15,"3":6,"4":15,"5":15,"6":21,"7":12,"8":12,"9":12,"10":12,"11":7,"12":12,"13":7,"14":2,"15":7,"16":4,"17":7},"f":{"0":21,"1":15,"2":6,"3":15,"4":12,"5":12,"6":12,"7":7,"8":4},"b":{"0":[21],"1":[12],"2":[7,5],"3":[2,5]},"meta":{"lastBranch":4,"lastFunction":9,"lastStatement":18,"seen":{"f:5:16:5:31":0,"b:5:57:5:65":0,"s:6:42:6:Infinity":0,"s:8:2:16:Infinity":1,"f:8:12:8:18":1,"s:9:18:11:Infinity":2,"f:9:29:9:35":2,"s:10:6:10:Infinity":3,"s:13:4:15:Infinity":4,"f:13:11:13:17":3,"s:14:6:14:Infinity":5,"s:18:2:18:Infinity":6,"f:21:16:21:Infinity":4,"b:23:18:23:Infinity":1,"s:25:32:25:Infinity":7,"s:27:2:33:Infinity":8,"f:27:12:27:18":5,"s:28:4:32:Infinity":9,"f:28:11:28:17":6,"b:29:6:31:Infinity:undefined:undefined:undefined:undefined":2,"s:29:6:31:Infinity":10,"s:30:8:30:Infinity":11,"s:35:2:43:Infinity":12,"f:35:10:35:14":7,"b:36:4:38:Infinity:undefined:undefined:undefined:undefined":3,"s:36:4:38:Infinity":13,"s:37:6:37:Infinity":14,"s:39:25:41:Infinity":15,"f:39:36:39:42":8,"s:40:6:40:Infinity":16,"s:42:4:42:Infinity":17}}}
,"/home/ubuntu/Builds/Redust/src/hooks/useEfficientUpdates.ts": {"path":"/home/ubuntu/Builds/Redust/src/hooks/useEfficientUpdates.ts","statementMap":{"0":{"start":{"line":10,"column":22},"end":{"line":10,"column":null}},"1":{"start":{"line":11,"column":32},"end":{"line":11,"column":null}},"2":{"start":{"line":12,"column":8},"end":{"line":12,"column":null}},"3":{"start":{"line":13,"column":8},"end":{"line":13,"column":null}},"4":{"start":{"line":15,"column":8},"end":{"line":34,"column":null}},"5":{"start":{"line":16,"column":4},"end":{"line":16,"column":null}},"6":{"start":{"line":17,"column":4},"end":{"line":33,"column":null}},"7":{"start":{"line":18,"column":22},"end":{"line":18,"column":null}},"8":{"start":{"line":19,"column":35},"end":{"line":23,"column":null}},"9":{"start":{"line":25,"column":6},"end":{"line":28,"column":null}},"10":{"start":{"line":26,"column":8},"end":{"line":26,"column":null}},"11":{"start":{"line":27,"column":8},"end":{"line":27,"column":null}},"12":{"start":{"line":30,"column":6},"end":{"line":30,"column":null}},"13":{"start":{"line":32,"column":6},"end":{"line":32,"column":null}},"14":{"start":{"line":36,"column":2},"end":{"line":44,"column":null}},"15":{"start":{"line":37,"column":4},"end":{"line":37,"column":null}},"16":{"start":{"line":38,"column":4},"end":{"line":38,"column":null}},"17":{"start":{"line":39,"column":4},"end":{"line":43,"column":null}},"18":{"start":{"line":40,"column":6},"end":{"line":42,"column":null}},"19":{"start":{"line":41,"column":8},"end":{"line":41,"column":null}},"20":{"start":{"line":46,"column":2},"end":{"line":46,"column":null}},"21":{"start":{"line":51,"column":2},"end":{"line":55,"column":null}},"22":{"start":{"line":52,"column":19},"end":{"line":52,"column":null}},"23":{"start":{"line":53,"column":26},"end":{"line":53,"column":null}},"24":{"start":{"line":54,"column":4},"end":{"line":54,"column":null}},"25":{"start":{"line":58,"column":2},"end":{"line":75,"column":null}},"26":{"start":{"line":59,"column":20},"end":{"line":59,"column":null}},"27":{"start":{"line":60,"column":20},"end":{"line":60,"column":null}},"28":{"start":{"line":62,"column":4},"end":{"line":73,"column":null}},"29":{"start":{"line":63,"column":24},"end":{"line":63,"column":null}},"30":{"start":{"line":64,"column":24},"end":{"line":64,"column":null}},"31":{"start":{"line":66,"column":6},"end":{"line":72,"column":null}},"32":{"start":{"line":67,"column":23},"end":{"line":67,"column":null}},"33":{"start":{"line":68,"column":30},"end":{"line":68,"column":null}},"34":{"start":{"line":69,"column":8},"end":{"line":71,"column":null}},"35":{"start":{"line":70,"column":10},"end":{"line":70,"column":null}},"36":{"start":{"line":74,"column":4},"end":{"line":74,"column":null}},"37":{"start":{"line":78,"column":2},"end":{"line":78,"column":null}}},"fnMap":{"0":{"name":"useEfficientUpdates","decl":{"start":{"line":4,"column":16},"end":{"line":4,"column":null}},"loc":{"start":{"line":9,"column":28},"end":{"line":47,"column":null}},"line":9},"1":{"name":"(anonymous_1)","decl":{"start":{"line":15,"column":34},"end":{"line":15,"column":46}},"loc":{"start":{"line":15,"column":46},"end":{"line":34,"column":5}},"line":15},"2":{"name":"(anonymous_2)","decl":{"start":{"line":36,"column":12},"end":{"line":36,"column":18}},"loc":{"start":{"line":36,"column":18},"end":{"line":44,"column":5}},"line":36},"3":{"name":"(anonymous_3)","decl":{"start":{"line":39,"column":11},"end":{"line":39,"column":17}},"loc":{"start":{"line":39,"column":17},"end":{"line":43,"column":null}},"line":39},"4":{"name":"hasSignificantDifference","decl":{"start":{"line":49,"column":9},"end":{"line":49,"column":37}},"loc":{"start":{"line":49,"column":93},"end":{"line":79,"column":null}},"line":49}},"branchMap":{"0":{"loc":{"start":{"line":7,"column":2},"end":{"line":7,"column":null}},"type":"default-arg","locations":[{"start":{"line":7,"column":21},"end":{"line":7,"column":null}}],"line":7},"1":{"loc":{"start":{"line":8,"column":2},"end":{"line":8,"column":null}},"type":"default-arg","locations":[{"start":{"line":8,"column":29},"end":{"line":8,"column":null}}],"line":8},"2":{"loc":{"start":{"line":25,"column":6},"end":{"line":28,"column":null}},"type":"if","locations":[{"start":{"line":25,"column":6},"end":{"line":28,"column":null}},{"start":{},"end":{}}],"line":25},"3":{"loc":{"start":{"line":40,"column":6},"end":{"line":42,"column":null}},"type":"if","locations":[{"start":{"line":40,"column":6},"end":{"line":42,"column":null}},{"start":{},"end":{}}],"line":40},"4":{"loc":{"start":{"line":51,"column":2},"end":{"line":55,"column":null}},"type":"if","locations":[{"start":{"line":51,"column":2},"end":{"line":55,"column":null}},{"start":{},"end":{}}],"line":51},"5":{"loc":{"start":{"line":51,"column":6},"end":{"line":51,"column":63}},"type":"binary-expr","locations":[{"start":{"line":51,"column":6},"end":{"line":51,"column":34}},{"start":{"line":51,"column":34},"end":{"line":51,"column":63}}],"line":51},"6":{"loc":{"start":{"line":53,"column":26},"end":{"line":53,"column":null}},"type":"cond-expr","locations":[{"start":{"line":53,"column":40},"end":{"line":53,"column":73}},{"start":{"line":53,"column":73},"end":{"line":53,"column":null}}],"line":53},"7":{"loc":{"start":{"line":58,"column":2},"end":{"line":75,"column":null}},"type":"if","locations":[{"start":{"line":58,"column":2},"end":{"line":75,"column":null}},{"start":{},"end":{}}],"line":58},"8":{"loc":{"start":{"line":58,"column":6},"end":{"line":58,"column":63}},"type":"binary-expr","locations":[{"start":{"line":58,"column":6},"end":{"line":58,"column":34}},{"start":{"line":58,"column":34},"end":{"line":58,"column":63}}],"line":58},"9":{"loc":{"start":{"line":66,"column":6},"end":{"line":72,"column":null}},"type":"if","locations":[{"start":{"line":66,"column":6},"end":{"line":72,"column":null}},{"start":{},"end":{}}],"line":66},"10":{"loc":{"start":{"line":66,"column":10},"end":{"line":66,"column":74}},"type":"binary-expr","locations":[{"start":{"line":66,"column":10},"end":{"line":66,"column":43}},{"start":{"line":66,"column":43},"end":{"line":66,"column":74}}],"line":66},"11":{"loc":{"start":{"line":68,"column":30},"end":{"line":68,"column":null}},"type":"cond-expr","locations":[{"start":{"line":68,"column":49},"end":{"line":68,"column":87}},{"start":{"line":68,"column":87},"end":{"line":68,"column":null}}],"line":68},"12":{"loc":{"start":{"line":69,"column":8},"end":{"line":71,"column":null}},"type":"if","locations":[{"start":{"line":69,"column":8},"end":{"line":71,"column":null}},{"start":{},"end":{}}],"line":69}},"s":{"0":43,"1":43,"2":43,"3":43,"4":43,"5":29,"6":29,"7":29,"8":28,"9":28,"10":19,"11":19,"12":1,"13":29,"14":43,"15":16,"16":16,"17":16,"18":16,"19":16,"20":43,"21":28,"22":17,"23":17,"24":17,"25":11,"26":7,"27":7,"28":7,"29":9,"30":9,"31":9,"32":9,"33":9,"34":9,"35":5,"36":2,"37":4},"f":{"0":43,"1":29,"2":16,"3":16,"4":28},"b":{"0":[43],"1":[43],"2":[19,9],"3":[16,0],"4":[17,11],"5":[28,17],"6":[6,11],"7":[7,4],"8":[11,7],"9":[9,0],"10":[9,9],"11":[6,3],"12":[5,4]},"meta":{"lastBranch":13,"lastFunction":5,"lastStatement":38,"seen":{"f:4:16:4:Infinity":0,"b:7:21:7:Infinity":0,"b:8:29:8:Infinity":1,"s:10:22:10:Infinity":0,"s:11:32:11:Infinity":1,"s:12:8:12:Infinity":2,"s:13:8:13:Infinity":3,"s:15:8:34:Infinity":4,"f:15:34:15:46":1,"s:16:4:16:Infinity":5,"s:17:4:33:Infinity":6,"s:18:22:18:Infinity":7,"s:19:35:23:Infinity":8,"b:25:6:28:Infinity:undefined:undefined:undefined:undefined":2,"s:25:6:28:Infinity":9,"s:26:8:26:Infinity":10,"s:27:8:27:Infinity":11,"s:30:6:30:Infinity":12,"s:32:6:32:Infinity":13,"s:36:2:44:Infinity":14,"f:36:12:36:18":2,"s:37:4:37:Infinity":15,"s:38:4:38:Infinity":16,"s:39:4:43:Infinity":17,"f:39:11:39:17":3,"b:40:6:42:Infinity:undefined:undefined:undefined:undefined":3,"s:40:6:42:Infinity":18,"s:41:8:41:Infinity":19,"s:46:2:46:Infinity":20,"f:49:9:49:37":4,"b:51:2:55:Infinity:undefined:undefined:undefined:undefined":4,"s:51:2:55:Infinity":21,"b:51:6:51:34:51:34:51:63":5,"s:52:19:52:Infinity":22,"s:53:26:53:Infinity":23,"b:53:40:53:73:53:73:53:Infinity":6,"s:54:4:54:Infinity":24,"b:58:2:75:Infinity:undefined:undefined:undefined:undefined":7,"s:58:2:75:Infinity":25,"b:58:6:58:34:58:34:58:63":8,"s:59:20:59:Infinity":26,"s:60:20:60:Infinity":27,"s:62:4:73:Infinity":28,"s:63:24:63:Infinity":29,"s:64:24:64:Infinity":30,"b:66:6:72:Infinity:undefined:undefined:undefined:undefined":9,"s:66:6:72:Infinity":31,"b:66:10:66:43:66:43:66:74":10,"s:67:23:67:Infinity":32,"s:68:30:68:Infinity":33,"b:68:49:68:87:68:87:68:Infinity":11,"b:69:8:71:Infinity:undefined:undefined:undefined:undefined":12,"s:69:8:71:Infinity":34,"s:70:10:70:Infinity":35,"s:74:4:74:Infinity":36,"s:78:2:78:Infinity":37}}}
,"/home/ubuntu/Builds/Redust/src/lib/api.ts": {"path":"/home/ubuntu/Builds/Redust/src/lib/api.ts","statementMap":{"0":{"start":{"line":10,"column":2},"end":{"line":10,"column":null}},"1":{"start":{"line":14,"column":2},"end":{"line":14,"column":null}},"2":{"start":{"line":23,"column":2},"end":{"line":23,"column":null}},"3":{"start":{"line":27,"column":2},"end":{"line":27,"column":null}},"4":{"start":{"line":31,"column":2},"end":{"line":31,"column":null}},"5":{"start":{"line":36,"column":2},"end":{"line":36,"column":null}},"6":{"start":{"line":45,"column":2},"end":{"line":45,"column":null}},"7":{"start":{"line":54,"column":2},"end":{"line":54,"column":null}},"8":{"start":{"line":61,"column":2},"end":{"line":61,"column":null}},"9":{"start":{"line":70,"column":2},"end":{"line":70,"column":null}},"10":{"start":{"line":78,"column":2},"end":{"line":78,"column":null}},"11":{"start":{"line":86,"column":2},"end":{"line":86,"column":null}},"12":{"start":{"line":90,"column":2},"end":{"line":90,"column":null}},"13":{"start":{"line":94,"column":2},"end":{"line":94,"column":null}},"14":{"start":{"line":98,"column":2},"end":{"line":98,"column":null}},"15":{"start":{"line":103,"column":2},"end":{"line":103,"column":null}},"16":{"start":{"line":112,"column":2},"end":{"line":112,"column":null}},"17":{"start":{"line":121,"column":2},"end":{"line":121,"column":null}},"18":{"start":{"line":129,"column":2},"end":{"line":129,"column":null}},"19":{"start":{"line":137,"column":2},"end":{"line":137,"column":null}},"20":{"start":{"line":146,"column":2},"end":{"line":146,"column":null}},"21":{"start":{"line":155,"column":2},"end":{"line":155,"column":null}},"22":{"start":{"line":164,"column":2},"end":{"line":164,"column":null}},"23":{"start":{"line":168,"column":2},"end":{"line":168,"column":null}},"24":{"start":{"line":176,"column":2},"end":{"line":176,"column":null}},"25":{"start":{"line":180,"column":2},"end":{"line":180,"column":null}},"26":{"start":{"line":188,"column":2},"end":{"line":188,"column":null}},"27":{"start":{"line":192,"column":2},"end":{"line":192,"column":null}},"28":{"start":{"line":199,"column":2},"end":{"line":199,"column":null}},"29":{"start":{"line":213,"column":2},"end":{"line":213,"column":null}},"30":{"start":{"line":223,"column":2},"end":{"line":223,"column":null}},"31":{"start":{"line":233,"column":2},"end":{"line":233,"column":null}},"32":{"start":{"line":241,"column":2},"end":{"line":241,"column":null}},"33":{"start":{"line":245,"column":2},"end":{"line":245,"column":null}},"34":{"start":{"line":253,"column":2},"end":{"line":253,"column":null}},"35":{"start":{"line":262,"column":2},"end":{"line":262,"column":null}},"36":{"start":{"line":271,"column":2},"end":{"line":271,"column":null}},"37":{"start":{"line":280,"column":2},"end":{"line":280,"column":null}},"38":{"start":{"line":298,"column":2},"end":{"line":298,"column":null}},"39":{"start":{"line":307,"column":2},"end":{"line":307,"column":null}},"40":{"start":{"line":311,"column":2},"end":{"line":311,"column":null}},"41":{"start":{"line":315,"column":2},"end":{"line":315,"column":null}},"42":{"start":{"line":328,"column":2},"end":{"line":328,"column":null}},"43":{"start":{"line":345,"column":2},"end":{"line":345,"column":null}},"44":{"start":{"line":355,"column":2},"end":{"line":355,"column":null}},"45":{"start":{"line":379,"column":2},"end":{"line":379,"column":null}},"46":{"start":{"line":400,"column":2},"end":{"line":400,"column":null}},"47":{"start":{"line":404,"column":2},"end":{"line":404,"column":null}},"48":{"start":{"line":420,"column":2},"end":{"line":420,"column":null}},"49":{"start":{"line":427,"column":2},"end":{"line":427,"column":null}},"50":{"start":{"line":451,"column":2},"end":{"line":457,"column":null}},"51":{"start":{"line":464,"column":2},"end":{"line":464,"column":null}}},"fnMap":{"0":{"name":"testConnection","decl":{"start":{"line":9,"column":22},"end":{"line":9,"column":37}},"loc":{"start":{"line":9,"column":80},"end":{"line":11,"column":null}},"line":9},"1":{"name":"getRedisInfo","decl":{"start":{"line":13,"column":22},"end":{"line":13,"column":35}},"loc":{"start":{"line":13,"column":78},"end":{"line":15,"column":null}},"line":13},"2":{"name":"getKeys","decl":{"start":{"line":18,"column":22},"end":{"line":18,"column":null}},"loc":{"start":{"line":22,"column":22},"end":{"line":24,"column":null}},"line":22},"3":{"name":"getKey","decl":{"start":{"line":26,"column":22},"end":{"line":26,"column":29}},"loc":{"start":{"line":26,"column":86},"end":{"line":28,"column":null}},"line":26},"4":{"name":"deleteKey","decl":{"start":{"line":30,"column":22},"end":{"line":30,"column":32}},"loc":{"start":{"line":30,"column":89},"end":{"line":32,"column":null}},"line":30},"5":{"name":"getString","decl":{"start":{"line":35,"column":22},"end":{"line":35,"column":32}},"loc":{"start":{"line":35,"column":95},"end":{"line":37,"column":null}},"line":35},"6":{"name":"setString","decl":{"start":{"line":39,"column":22},"end":{"line":39,"column":null}},"loc":{"start":{"line":44,"column":20},"end":{"line":46,"column":null}},"line":44},"7":{"name":"hashGet","decl":{"start":{"line":49,"column":22},"end":{"line":49,"column":null}},"loc":{"start":{"line":53,"column":26},"end":{"line":55,"column":null}},"line":53},"8":{"name":"hashGetAll","decl":{"start":{"line":57,"column":22},"end":{"line":57,"column":null}},"loc":{"start":{"line":60,"column":35},"end":{"line":62,"column":null}},"line":60},"9":{"name":"hashSet","decl":{"start":{"line":64,"column":22},"end":{"line":64,"column":null}},"loc":{"start":{"line":69,"column":20},"end":{"line":71,"column":null}},"line":69},"10":{"name":"hashDelete","decl":{"start":{"line":73,"column":22},"end":{"line":73,"column":null}},"loc":{"start":{"line":77,"column":20},"end":{"line":79,"column":null}},"line":77},"11":{"name":"hashExists","decl":{"start":{"line":81,"column":22},"end":{"line":81,"column":null}},"loc":{"start":{"line":85,"column":20},"end":{"line":87,"column":null}},"line":85},"12":{"name":"hashLen","decl":{"start":{"line":89,"column":22},"end":{"line":89,"column":30}},"loc":{"start":{"line":89,"column":86},"end":{"line":91,"column":null}},"line":89},"13":{"name":"hashKeys","decl":{"start":{"line":93,"column":22},"end":{"line":93,"column":31}},"loc":{"start":{"line":93,"column":89},"end":{"line":95,"column":null}},"line":93},"14":{"name":"hashValues","decl":{"start":{"line":97,"column":22},"end":{"line":97,"column":33}},"loc":{"start":{"line":97,"column":91},"end":{"line":99,"column":null}},"line":97},"15":{"name":"listLen","decl":{"start":{"line":102,"column":22},"end":{"line":102,"column":30}},"loc":{"start":{"line":102,"column":86},"end":{"line":104,"column":null}},"line":102},"16":{"name":"listRange","decl":{"start":{"line":106,"column":22},"end":{"line":106,"column":null}},"loc":{"start":{"line":111,"column":21},"end":{"line":113,"column":null}},"line":111},"17":{"name":"listPush","decl":{"start":{"line":115,"column":22},"end":{"line":115,"column":null}},"loc":{"start":{"line":120,"column":19},"end":{"line":122,"column":null}},"line":120},"18":{"name":"listPop","decl":{"start":{"line":124,"column":22},"end":{"line":124,"column":null}},"loc":{"start":{"line":128,"column":26},"end":{"line":130,"column":null}},"line":128},"19":{"name":"listIndex","decl":{"start":{"line":132,"column":22},"end":{"line":132,"column":null}},"loc":{"start":{"line":136,"column":26},"end":{"line":138,"column":null}},"line":136},"20":{"name":"listRemove","decl":{"start":{"line":140,"column":22},"end":{"line":140,"column":null}},"loc":{"start":{"line":145,"column":19},"end":{"line":147,"column":null}},"line":145},"21":{"name":"listTrim","decl":{"start":{"line":149,"column":22},"end":{"line":149,"column":null}},"loc":{"start":{"line":154,"column":20},"end":{"line":156,"column":null}},"line":154},"22":{"name":"setAdd","decl":{"start":{"line":159,"column":22},"end":{"line":159,"column":null}},"loc":{"start":{"line":163,"column":19},"end":{"line":165,"column":null}},"line":163},"23":{"name":"setMembers","decl":{"start":{"line":167,"column":22},"end":{"line":167,"column":33}},"loc":{"start":{"line":167,"column":91},"end":{"line":169,"column":null}},"line":167},"24":{"name":"setRemove","decl":{"start":{"line":171,"column":22},"end":{"line":171,"column":null}},"loc":{"start":{"line":175,"column":19},"end":{"line":177,"column":null}},"line":175},"25":{"name":"setCard","decl":{"start":{"line":179,"column":22},"end":{"line":179,"column":30}},"loc":{"start":{"line":179,"column":86},"end":{"line":181,"column":null}},"line":179},"26":{"name":"setIsMember","decl":{"start":{"line":183,"column":22},"end":{"line":183,"column":null}},"loc":{"start":{"line":187,"column":20},"end":{"line":189,"column":null}},"line":187},"27":{"name":"setPop","decl":{"start":{"line":191,"column":22},"end":{"line":191,"column":29}},"loc":{"start":{"line":191,"column":92},"end":{"line":193,"column":null}},"line":191},"28":{"name":"setRandomMember","decl":{"start":{"line":195,"column":22},"end":{"line":195,"column":null}},"loc":{"start":{"line":198,"column":26},"end":{"line":200,"column":null}},"line":198},"29":{"name":"zsetAdd","decl":{"start":{"line":208,"column":22},"end":{"line":208,"column":null}},"loc":{"start":{"line":212,"column":19},"end":{"line":214,"column":null}},"line":212},"30":{"name":"zsetRange","decl":{"start":{"line":216,"column":22},"end":{"line":216,"column":null}},"loc":{"start":{"line":222,"column":30},"end":{"line":224,"column":null}},"line":222},"31":{"name":"zsetRangeByScore","decl":{"start":{"line":226,"column":22},"end":{"line":226,"column":null}},"loc":{"start":{"line":232,"column":30},"end":{"line":234,"column":null}},"line":232},"32":{"name":"zsetRem","decl":{"start":{"line":236,"column":22},"end":{"line":236,"column":null}},"loc":{"start":{"line":240,"column":19},"end":{"line":242,"column":null}},"line":240},"33":{"name":"zsetCard","decl":{"start":{"line":244,"column":22},"end":{"line":244,"column":31}},"loc":{"start":{"line":244,"column":87},"end":{"line":246,"column":null}},"line":244},"34":{"name":"zsetScore","decl":{"start":{"line":248,"column":22},"end":{"line":248,"column":null}},"loc":{"start":{"line":252,"column":26},"end":{"line":254,"column":null}},"line":252},"35":{"name":"zsetRank","decl":{"start":{"line":256,"column":22},"end":{"line":256,"column":null}},"loc":{"start":{"line":261,"column":26},"end":{"line":263,"column":null}},"line":261},"36":{"name":"zsetCount","decl":{"start":{"line":265,"column":22},"end":{"line":265,"column":null}},"loc":{"start":{"line":270,"column":19},"end":{"line":272,"column":null}},"line":270},"37":{"name":"zsetRemRangeByScore","decl":{"start":{"line":274,"column":22},"end":{"line":274,"column":null}},"loc":{"start":{"line":279,"column":19},"end":{"line":281,"column":null}},"line":279},"38":{"name":"createIndex","decl":{"start":{"line":290,"column":22},"end":{"line":290,"column":null}},"loc":{"start":{"line":297,"column":19},"end":{"line":299,"column":null}},"line":297},"39":{"name":"searchIndex","decl":{"start":{"line":301,"column":22},"end":{"line":301,"column":null}},"loc":{"start":{"line":306,"column":50},"end":{"line":308,"column":null}},"line":306},"40":{"name":"dropIndex","decl":{"start":{"line":310,"column":22},"end":{"line":310,"column":32}},"loc":{"start":{"line":310,"column":95},"end":{"line":312,"column":null}},"line":310},"41":{"name":"getIndexInfo","decl":{"start":{"line":314,"column":22},"end":{"line":314,"column":35}},"loc":{"start":{"line":314,"column":97},"end":{"line":316,"column":null}},"line":314},"42":{"name":"vectorSearch","decl":{"start":{"line":324,"column":22},"end":{"line":324,"column":null}},"loc":{"start":{"line":327,"column":53},"end":{"line":329,"column":null}},"line":327},"43":{"name":"uploadEmbeddings","decl":{"start":{"line":338,"column":22},"end":{"line":338,"column":null}},"loc":{"start":{"line":344,"column":19},"end":{"line":346,"column":null}},"line":344},"44":{"name":"getCachedEmbedding","decl":{"start":{"line":348,"column":22},"end":{"line":348,"column":null}},"loc":{"start":{"line":354,"column":10},"end":{"line":356,"column":null}},"line":354},"45":{"name":"createVectorIndex","decl":{"start":{"line":375,"column":22},"end":{"line":375,"column":null}},"loc":{"start":{"line":378,"column":19},"end":{"line":380,"column":null}},"line":378},"46":{"name":"vectorSearchApi","decl":{"start":{"line":396,"column":22},"end":{"line":396,"column":null}},"loc":{"start":{"line":399,"column":33},"end":{"line":401,"column":null}},"line":399},"47":{"name":"listVectorIndexes","decl":{"start":{"line":403,"column":22},"end":{"line":403,"column":40}},"loc":{"start":{"line":403,"column":85},"end":{"line":405,"column":null}},"line":403},"48":{"name":"getVectorIndexInfo","decl":{"start":{"line":416,"column":22},"end":{"line":416,"column":null}},"loc":{"start":{"line":419,"column":28},"end":{"line":421,"column":null}},"line":419},"49":{"name":"deleteVectorIndex","decl":{"start":{"line":423,"column":22},"end":{"line":423,"column":null}},"loc":{"start":{"line":426,"column":20},"end":{"line":428,"column":null}},"line":426},"50":{"name":"getEmbeddingClusters","decl":{"start":{"line":444,"column":22},"end":{"line":444,"column":null}},"loc":{"start":{"line":450,"column":33},"end":{"line":458,"column":null}},"line":450},"51":{"name":"batchVectorSearch","decl":{"start":{"line":460,"column":22},"end":{"line":460,"column":null}},"loc":{"start":{"line":463,"column":35},"end":{"line":465,"column":null}},"line":463}},"branchMap":{},"s":{"0":6,"1":1,"2":12,"3":1,"4":2,"5":1006,"6":158,"7":2,"8":3,"9":3,"10":1,"11":1,"12":1,"13":1,"14":1,"15":1,"16":3,"17":2,"18":2,"19":1,"20":1,"21":1,"22":1,"23":3,"24":1,"25":1,"26":1,"27":1,"28":1,"29":1,"30":4,"31":1,"32":1,"33":1,"34":1,"35":2,"36":1,"37":1,"38":1,"39":2,"40":1,"41":1,"42":1,"43":1,"44":2,"45":0,"46":0,"47":0,"48":0,"49":0,"50":0,"51":0},"f":{"0":6,"1":1,"2":12,"3":1,"4":2,"5":1006,"6":158,"7":2,"8":3,"9":3,"10":1,"11":1,"12":1,"13":1,"14":1,"15":1,"16":3,"17":2,"18":2,"19":1,"20":1,"21":1,"22":1,"23":3,"24":1,"25":1,"26":1,"27":1,"28":1,"29":1,"30":4,"31":1,"32":1,"33":1,"34":1,"35":2,"36":1,"37":1,"38":1,"39":2,"40":1,"41":1,"42":1,"43":1,"44":2,"45":0,"46":0,"47":0,"48":0,"49":0,"50":0,"51":0},"b":{},"meta":{"lastBranch":0,"lastFunction":52,"lastStatement":52,"seen":{"f:9:22:9:37":0,"s:10:2:10:Infinity":0,"f:13:22:13:35":1,"s:14:2:14:Infinity":1,"f:18:22:18:Infinity":2,"s:23:2:23:Infinity":2,"f:26:22:26:29":3,"s:27:2:27:Infinity":3,"f:30:22:30:32":4,"s:31:2:31:Infinity":4,"f:35:22:35:32":5,"s:36:2:36:Infinity":5,"f:39:22:39:Infinity":6,"s:45:2:45:Infinity":6,"f:49:22:49:Infinity":7,"s:54:2:54:Infinity":7,"f:57:22:57:Infinity":8,"s:61:2:61:Infinity":8,"f:64:22:64:Infinity":9,"s:70:2:70:Infinity":9,"f:73:22:73:Infinity":10,"s:78:2:78:Infinity":10,"f:81:22:81:Infinity":11,"s:86:2:86:Infinity":11,"f:89:22:89:30":12,"s:90:2:90:Infinity":12,"f:93:22:93:31":13,"s:94:2:94:Infinity":13,"f:97:22:97:33":14,"s:98:2:98:Infinity":14,"f:102:22:102:30":15,"s:103:2:103:Infinity":15,"f:106:22:106:Infinity":16,"s:112:2:112:Infinity":16,"f:115:22:115:Infinity":17,"s:121:2:121:Infinity":17,"f:124:22:124:Infinity":18,"s:129:2:129:Infinity":18,"f:132:22:132:Infinity":19,"s:137:2:137:Infinity":19,"f:140:22:140:Infinity":20,"s:146:2:146:Infinity":20,"f:149:22:149:Infinity":21,"s:155:2:155:Infinity":21,"f:159:22:159:Infinity":22,"s:164:2:164:Infinity":22,"f:167:22:167:33":23,"s:168:2:168:Infinity":23,"f:171:22:171:Infinity":24,"s:176:2:176:Infinity":24,"f:179:22:179:30":25,"s:180:2:180:Infinity":25,"f:183:22:183:Infinity":26,"s:188:2:188:Infinity":26,"f:191:22:191:29":27,"s:192:2:192:Infinity":27,"f:195:22:195:Infinity":28,"s:199:2:199:Infinity":28,"f:208:22:208:Infinity":29,"s:213:2:213:Infinity":29,"f:216:22:216:Infinity":30,"s:223:2:223:Infinity":30,"f:226:22:226:Infinity":31,"s:233:2:233:Infinity":31,"f:236:22:236:Infinity":32,"s:241:2:241:Infinity":32,"f:244:22:244:31":33,"s:245:2:245:Infinity":33,"f:248:22:248:Infinity":34,"s:253:2:253:Infinity":34,"f:256:22:256:Infinity":35,"s:262:2:262:Infinity":35,"f:265:22:265:Infinity":36,"s:271:2:271:Infinity":36,"f:274:22:274:Infinity":37,"s:280:2:280:Infinity":37,"f:290:22:290:Infinity":38,"s:298:2:298:Infinity":38,"f:301:22:301:Infinity":39,"s:307:2:307:Infinity":39,"f:310:22:310:32":40,"s:311:2:311:Infinity":40,"f:314:22:314:35":41,"s:315:2:315:Infinity":41,"f:324:22:324:Infinity":42,"s:328:2:328:Infinity":42,"f:338:22:338:Infinity":43,"s:345:2:345:Infinity":43,"f:348:22:348:Infinity":44,"s:355:2:355:Infinity":44,"f:375:22:375:Infinity":45,"s:379:2:379:Infinity":45,"f:396:22:396:Infinity":46,"s:400:2:400:Infinity":46,"f:403:22:403:40":47,"s:404:2:404:Infinity":47,"f:416:22:416:Infinity":48,"s:420:2:420:Infinity":48,"f:423:22:423:Infinity":49,"s:427:2:427:Infinity":49,"f:444:22:444:Infinity":50,"s:451:2:457:Infinity":50,"f:460:22:460:Infinity":51,"s:464:2:464:Infinity":51}}}
,"/home/ubuntu/Builds/Redust/src/stores/commandPaletteStore.ts": {"path":"/home/ubuntu/Builds/Redust/src/stores/commandPaletteStore.ts","statementMap":{"0":{"start":{"line":29,"column":13},"end":{"line":34,"column":null}},"1":{"start":{"line":29,"column":71},"end":{"line":34,"column":2}},"2":{"start":{"line":31,"column":14},"end":{"line":31,"column":null}},"3":{"start":{"line":32,"column":15},"end":{"line":32,"column":null}},"4":{"start":{"line":33,"column":16},"end":{"line":33,"column":null}},"5":{"start":{"line":33,"column":32},"end":{"line":33,"column":58}}},"fnMap":{"0":{"name":"(anonymous_0)","decl":{"start":{"line":29,"column":61},"end":{"line":29,"column":62}},"loc":{"start":{"line":29,"column":71},"end":{"line":34,"column":2}},"line":29},"1":{"name":"(anonymous_1)","decl":{"start":{"line":31,"column":8},"end":{"line":31,"column":14}},"loc":{"start":{"line":31,"column":14},"end":{"line":31,"column":null}},"line":31},"2":{"name":"(anonymous_2)","decl":{"start":{"line":32,"column":9},"end":{"line":32,"column":15}},"loc":{"start":{"line":32,"column":15},"end":{"line":32,"column":null}},"line":32},"3":{"name":"(anonymous_3)","decl":{"start":{"line":33,"column":10},"end":{"line":33,"column":16}},"loc":{"start":{"line":33,"column":16},"end":{"line":33,"column":null}},"line":33},"4":{"name":"(anonymous_4)","decl":{"start":{"line":33,"column":20},"end":{"line":33,"column":21}},"loc":{"start":{"line":33,"column":32},"end":{"line":33,"column":58}},"line":33}},"branchMap":{},"s":{"0":1,"1":1,"2":8,"3":4,"4":5,"5":5},"f":{"0":1,"1":8,"2":4,"3":5,"4":5},"b":{},"meta":{"lastBranch":0,"lastFunction":5,"lastStatement":6,"seen":{"s:29:13:34:Infinity":0,"f:29:61:29:62":0,"s:29:71:34:2":1,"f:31:8:31:14":1,"s:31:14:31:Infinity":2,"f:32:9:32:15":2,"s:32:15:32:Infinity":3,"f:33:10:33:16":3,"s:33:16:33:Infinity":4,"f:33:20:33:21":4,"s:33:32:33:58":5}}}
,"/home/ubuntu/Builds/Redust/src/stores/connectionStore.ts": {"path":"/home/ubuntu/Builds/Redust/src/stores/connectionStore.ts","statementMap":{"0":{"start":{"line":15,"column":13},"end":{"line":51,"column":null}},"1":{"start":{"line":17,"column":19},"end":{"line":46,"column":null}},"2":{"start":{"line":22,"column":8},"end":{"line":24,"column":null}},"3":{"start":{"line":22,"column":24},"end":{"line":24,"column":10}},"4":{"start":{"line":27,"column":8},"end":{"line":31,"column":null}},"5":{"start":{"line":27,"column":24},"end":{"line":31,"column":10}},"6":{"start":{"line":29,"column":12},"end":{"line":29,"column":null}},"7":{"start":{"line":34,"column":8},"end":{"line":38,"column":null}},"8":{"start":{"line":34,"column":24},"end":{"line":38,"column":10}},"9":{"start":{"line":35,"column":55},"end":{"line":35,"column":66}},"10":{"start":{"line":40,"column":35},"end":{"line":40,"column":null}},"11":{"start":{"line":43,"column":52},"end":{"line":43,"column":null}},"12":{"start":{"line":44,"column":8},"end":{"line":44,"column":null}},"13":{"start":{"line":44,"column":39},"end":{"line":44,"column":66}}},"fnMap":{"0":{"name":"(anonymous_0)","decl":{"start":{"line":17,"column":4},"end":{"line":17,"column":5}},"loc":{"start":{"line":17,"column":19},"end":{"line":46,"column":null}},"line":17},"1":{"name":"(anonymous_1)","decl":{"start":{"line":21,"column":21},"end":{"line":21,"column":22}},"loc":{"start":{"line":22,"column":8},"end":{"line":24,"column":null}},"line":22},"2":{"name":"(anonymous_2)","decl":{"start":{"line":22,"column":12},"end":{"line":22,"column":13}},"loc":{"start":{"line":22,"column":24},"end":{"line":24,"column":10}},"line":22},"3":{"name":"(anonymous_3)","decl":{"start":{"line":26,"column":24},"end":{"line":26,"column":25}},"loc":{"start":{"line":27,"column":8},"end":{"line":31,"column":null}},"line":27},"4":{"name":"(anonymous_4)","decl":{"start":{"line":27,"column":12},"end":{"line":27,"column":13}},"loc":{"start":{"line":27,"column":24},"end":{"line":31,"column":10}},"line":27},"5":{"name":"(anonymous_5)","decl":{"start":{"line":28,"column":45},"end":{"line":28,"column":46}},"loc":{"start":{"line":29,"column":12},"end":{"line":29,"column":null}},"line":29},"6":{"name":"(anonymous_6)","decl":{"start":{"line":33,"column":24},"end":{"line":33,"column":25}},"loc":{"start":{"line":34,"column":8},"end":{"line":38,"column":null}},"line":34},"7":{"name":"(anonymous_7)","decl":{"start":{"line":34,"column":12},"end":{"line":34,"column":13}},"loc":{"start":{"line":34,"column":24},"end":{"line":38,"column":10}},"line":34},"8":{"name":"(anonymous_8)","decl":{"start":{"line":35,"column":48},"end":{"line":35,"column":49}},"loc":{"start":{"line":35,"column":55},"end":{"line":35,"column":66}},"line":35},"9":{"name":"(anonymous_9)","decl":{"start":{"line":40,"column":27},"end":{"line":40,"column":28}},"loc":{"start":{"line":40,"column":35},"end":{"line":40,"column":null}},"line":40},"10":{"name":"(anonymous_10)","decl":{"start":{"line":42,"column":27},"end":{"line":42,"column":33}},"loc":{"start":{"line":42,"column":33},"end":{"line":45,"column":null}},"line":42},"11":{"name":"(anonymous_11)","decl":{"start":{"line":44,"column":32},"end":{"line":44,"column":33}},"loc":{"start":{"line":44,"column":39},"end":{"line":44,"column":66}},"line":44}},"branchMap":{"0":{"loc":{"start":{"line":29,"column":12},"end":{"line":29,"column":null}},"type":"cond-expr","locations":[{"start":{"line":29,"column":26},"end":{"line":29,"column":52}},{"start":{"line":29,"column":52},"end":{"line":29,"column":null}}],"line":29},"1":{"loc":{"start":{"line":37,"column":12},"end":{"line":37,"column":null}},"type":"cond-expr","locations":[{"start":{"line":37,"column":46},"end":{"line":37,"column":53}},{"start":{"line":37,"column":53},"end":{"line":37,"column":null}}],"line":37}},"s":{"0":1,"1":1,"2":6,"3":6,"4":1,"5":1,"6":1,"7":2,"8":2,"9":2,"10":3,"11":1,"12":1,"13":1},"f":{"0":1,"1":6,"2":6,"3":1,"4":1,"5":1,"6":2,"7":2,"8":2,"9":3,"10":1,"11":1},"b":{"0":[1,0],"1":[1,1]},"meta":{"lastBranch":2,"lastFunction":12,"lastStatement":14,"seen":{"s:15:13:51:Infinity":0,"f:17:4:17:5":0,"s:17:19:46:Infinity":1,"f:21:21:21:22":1,"s:22:8:24:Infinity":2,"f:22:12:22:13":2,"s:22:24:24:10":3,"f:26:24:26:25":3,"s:27:8:31:Infinity":4,"f:27:12:27:13":4,"s:27:24:31:10":5,"f:28:45:28:46":5,"s:29:12:29:Infinity":6,"b:29:26:29:52:29:52:29:Infinity":0,"f:33:24:33:25":6,"s:34:8:38:Infinity":7,"f:34:12:34:13":7,"s:34:24:38:10":8,"f:35:48:35:49":8,"s:35:55:35:66":9,"b:37:46:37:53:37:53:37:Infinity":1,"f:40:27:40:28":9,"s:40:35:40:Infinity":10,"f:42:27:42:33":10,"s:43:52:43:Infinity":11,"s:44:8:44:Infinity":12,"f:44:32:44:33":11,"s:44:39:44:66":13}}}
,"/home/ubuntu/Builds/Redust/src/stores/index.ts": {"path":"/home/ubuntu/Builds/Redust/src/stores/index.ts","statementMap":{},"fnMap":{},"branchMap":{},"s":{},"f":{},"b":{},"meta":{"lastBranch":0,"lastFunction":0,"lastStatement":0,"seen":{}}}
,"/home/ubuntu/Builds/Redust/src/stores/keyStore.ts": {"path":"/home/ubuntu/Builds/Redust/src/stores/keyStore.ts","statementMap":{"0":{"start":{"line":15,"column":13},"end":{"line":25,"column":null}},"1":{"start":{"line":15,"column":54},"end":{"line":25,"column":2}},"2":{"start":{"line":21,"column":21},"end":{"line":21,"column":null}},"3":{"start":{"line":22,"column":27},"end":{"line":22,"column":null}},"4":{"start":{"line":23,"column":33},"end":{"line":23,"column":null}},"5":{"start":{"line":24,"column":29},"end":{"line":24,"column":null}}},"fnMap":{"0":{"name":"(anonymous_0)","decl":{"start":{"line":15,"column":44},"end":{"line":15,"column":45}},"loc":{"start":{"line":15,"column":54},"end":{"line":25,"column":2}},"line":15},"1":{"name":"(anonymous_1)","decl":{"start":{"line":21,"column":11},"end":{"line":21,"column":12}},"loc":{"start":{"line":21,"column":21},"end":{"line":21,"column":null}},"line":21},"2":{"name":"(anonymous_2)","decl":{"start":{"line":22,"column":18},"end":{"line":22,"column":19}},"loc":{"start":{"line":22,"column":27},"end":{"line":22,"column":null}},"line":22},"3":{"name":"(anonymous_3)","decl":{"start":{"line":23,"column":20},"end":{"line":23,"column":21}},"loc":{"start":{"line":23,"column":33},"end":{"line":23,"column":null}},"line":23},"4":{"name":"(anonymous_4)","decl":{"start":{"line":24,"column":16},"end":{"line":24,"column":17}},"loc":{"start":{"line":24,"column":29},"end":{"line":24,"column":null}},"line":24}},"branchMap":{},"s":{"0":2,"1":2,"2":5,"3":5,"4":3,"5":5},"f":{"0":2,"1":5,"2":5,"3":3,"4":5},"b":{},"meta":{"lastBranch":0,"lastFunction":5,"lastStatement":6,"seen":{"s:15:13:25:Infinity":0,"f:15:44:15:45":0,"s:15:54:25:2":1,"f:21:11:21:12":1,"s:21:21:21:Infinity":2,"f:22:18:22:19":2,"s:22:27:22:Infinity":3,"f:23:20:23:21":3,"s:23:33:23:Infinity":4,"f:24:16:24:17":4,"s:24:29:24:Infinity":5}}}
,"/home/ubuntu/Builds/Redust/src/stores/splitPaneStore.ts": {"path":"/home/ubuntu/Builds/Redust/src/stores/splitPaneStore.ts","statementMap":{"0":{"start":{"line":15,"column":13},"end":{"line":28,"column":null}},"1":{"start":{"line":15,"column":66},"end":{"line":28,"column":2}},"2":{"start":{"line":19,"column":26},"end":{"line":19,"column":null}},"3":{"start":{"line":20,"column":23},"end":{"line":20,"column":null}},"4":{"start":{"line":21,"column":24},"end":{"line":21,"column":null}},"5":{"start":{"line":23,"column":4},"end":{"line":27,"column":null}}},"fnMap":{"0":{"name":"(anonymous_0)","decl":{"start":{"line":15,"column":56},"end":{"line":15,"column":57}},"loc":{"start":{"line":15,"column":66},"end":{"line":28,"column":2}},"line":15},"1":{"name":"(anonymous_1)","decl":{"start":{"line":19,"column":16},"end":{"line":19,"column":17}},"loc":{"start":{"line":19,"column":26},"end":{"line":19,"column":null}},"line":19},"2":{"name":"(anonymous_2)","decl":{"start":{"line":20,"column":14},"end":{"line":20,"column":15}},"loc":{"start":{"line":20,"column":23},"end":{"line":20,"column":null}},"line":20},"3":{"name":"(anonymous_3)","decl":{"start":{"line":21,"column":15},"end":{"line":21,"column":16}},"loc":{"start":{"line":21,"column":24},"end":{"line":21,"column":null}},"line":21},"4":{"name":"(anonymous_4)","decl":{"start":{"line":22,"column":14},"end":{"line":22,"column":null}},"loc":{"start":{"line":23,"column":4},"end":{"line":27,"column":null}},"line":23}},"branchMap":{},"s":{"0":1,"1":1,"2":5,"3":7,"4":7,"5":1},"f":{"0":1,"1":5,"2":7,"3":7,"4":1},"b":{},"meta":{"lastBranch":0,"lastFunction":5,"lastStatement":6,"seen":{"s:15:13:28:Infinity":0,"f:15:56:15:57":0,"s:15:66:28:2":1,"f:19:16:19:17":1,"s:19:26:19:Infinity":2,"f:20:14:20:15":2,"s:20:23:20:Infinity":3,"f:21:15:21:16":3,"s:21:24:21:Infinity":4,"f:22:14:22:Infinity":4,"s:23:4:27:Infinity":5}}}
,"/home/ubuntu/Builds/Redust/src/stores/themeStore.ts": {"path":"/home/ubuntu/Builds/Redust/src/stores/themeStore.ts","statementMap":{"0":{"start":{"line":12,"column":13},"end":{"line":40,"column":null}},"1":{"start":{"line":12,"column":63},"end":{"line":40,"column":2}},"2":{"start":{"line":16,"column":4},"end":{"line":16,"column":null}},"3":{"start":{"line":17,"column":4},"end":{"line":17,"column":null}},"4":{"start":{"line":21,"column":6},"end":{"line":25,"column":null}},"5":{"start":{"line":27,"column":4},"end":{"line":27,"column":null}},"6":{"start":{"line":30,"column":4},"end":{"line":30,"column":null}},"7":{"start":{"line":31,"column":4},"end":{"line":31,"column":null}},"8":{"start":{"line":34,"column":18},"end":{"line":34,"column":null}},"9":{"start":{"line":35,"column":28},"end":{"line":35,"column":null}},"10":{"start":{"line":36,"column":25},"end":{"line":36,"column":null}},"11":{"start":{"line":37,"column":22},"end":{"line":37,"column":null}},"12":{"start":{"line":38,"column":4},"end":{"line":38,"column":null}},"13":{"start":{"line":43,"column":0},"end":{"line":66,"column":null}},"14":{"start":{"line":44,"column":17},"end":{"line":44,"column":null}},"15":{"start":{"line":46,"column":4},"end":{"line":50,"column":null}},"16":{"start":{"line":51,"column":2},"end":{"line":51,"column":null}},"17":{"start":{"line":52,"column":2},"end":{"line":55,"column":null}},"18":{"start":{"line":58,"column":2},"end":{"line":65,"column":null}},"19":{"start":{"line":59,"column":4},"end":{"line":64,"column":null}},"20":{"start":{"line":60,"column":24},"end":{"line":60,"column":null}},"21":{"start":{"line":61,"column":6},"end":{"line":61,"column":null}},"22":{"start":{"line":62,"column":6},"end":{"line":62,"column":null}},"23":{"start":{"line":63,"column":6},"end":{"line":63,"column":null}}},"fnMap":{"0":{"name":"(anonymous_0)","decl":{"start":{"line":12,"column":48},"end":{"line":12,"column":49}},"loc":{"start":{"line":12,"column":63},"end":{"line":40,"column":2}},"line":12},"1":{"name":"(anonymous_1)","decl":{"start":{"line":15,"column":12},"end":{"line":15,"column":13}},"loc":{"start":{"line":15,"column":23},"end":{"line":32,"column":null}},"line":15},"2":{"name":"(anonymous_2)","decl":{"start":{"line":33,"column":15},"end":{"line":33,"column":21}},"loc":{"start":{"line":33,"column":21},"end":{"line":39,"column":null}},"line":33},"3":{"name":"(anonymous_3)","decl":{"start":{"line":58,"column":79},"end":{"line":58,"column":80}},"loc":{"start":{"line":58,"column":86},"end":{"line":65,"column":3}},"line":58}},"branchMap":{"0":{"loc":{"start":{"line":13,"column":10},"end":{"line":13,"column":null}},"type":"binary-expr","locations":[{"start":{"line":13,"column":10},"end":{"line":13,"column":60}},{"start":{"line":13,"column":60},"end":{"line":13,"column":null}}],"line":13},"1":{"loc":{"start":{"line":21,"column":6},"end":{"line":25,"column":null}},"type":"cond-expr","locations":[{"start":{"line":22,"column":10},"end":{"line":24,"column":null}},{"start":{"line":25,"column":10},"end":{"line":25,"column":null}}],"line":21},"2":{"loc":{"start":{"line":22,"column":10},"end":{"line":24,"column":null}},"type":"cond-expr","locations":[{"start":{"line":23,"column":12},"end":{"line":23,"column":null}},{"start":{"line":24,"column":12},"end":{"line":24,"column":null}}],"line":22},"3":{"loc":{"start":{"line":43,"column":0},"end":{"line":66,"column":null}},"type":"if","locations":[{"start":{"line":43,"column":0},"end":{"line":66,"column":null}},{"start":{},"end":{}}],"line":43},"4":{"loc":{"start":{"line":44,"column":17},"end":{"line":44,"column":null}},"type":"binary-expr","locations":[{"start":{"line":44,"column":17},"end":{"line":44,"column":67}},{"start":{"line":44,"column":67},"end":{"line":44,"column":null}}],"line":44},"5":{"loc":{"start":{"line":46,"column":4},"end":{"line":50,"column":null}},"type":"cond-expr","locations":[{"start":{"line":47,"column":8},"end":{"line":49,"column":null}},{"start":{"line":50,"column":8},"end":{"line":50,"column":null}}],"line":46},"6":{"loc":{"start":{"line":47,"column":8},"end":{"line":49,"column":null}},"type":"cond-expr","locations":[{"start":{"line":48,"column":10},"end":{"line":48,"column":null}},{"start":{"line":49,"column":10},"end":{"line":49,"column":null}}],"line":47},"7":{"loc":{"start":{"line":59,"column":4},"end":{"line":64,"column":null}},"type":"if","locations":[{"start":{"line":59,"column":4},"end":{"line":64,"column":null}},{"start":{},"end":{}}],"line":59},"8":{"loc":{"start":{"line":60,"column":24},"end":{"line":60,"column":null}},"type":"cond-expr","locations":[{"start":{"line":60,"column":36},"end":{"line":60,"column":45}},{"start":{"line":60,"column":45},"end":{"line":60,"column":null}}],"line":60}},"s":{"0":1,"1":1,"2":19,"3":19,"4":19,"5":19,"6":19,"7":19,"8":4,"9":4,"10":4,"11":4,"12":4,"13":1,"14":1,"15":1,"16":1,"17":1,"18":1,"19":0,"20":0,"21":0,"22":0,"23":0},"f":{"0":1,"1":19,"2":4,"3":0},"b":{"0":[1,1],"1":[7,12],"2":[1,6],"3":[1,0],"4":[1,1],"5":[0,1],"6":[0,0],"7":[0,0],"8":[0,0]},"meta":{"lastBranch":9,"lastFunction":4,"lastStatement":24,"seen":{"s:12:13:40:Infinity":0,"f:12:48:12:49":0,"s:12:63:40:2":1,"b:13:10:13:60:13:60:13:Infinity":0,"f:15:12:15:13":1,"s:16:4:16:Infinity":2,"s:17:4:17:Infinity":3,"s:21:6:25:Infinity":4,"b:22:10:24:Infinity:25:10:25:Infinity":1,"b:23:12:23:Infinity:24:12:24:Infinity":2,"s:27:4:27:Infinity":5,"s:30:4:30:Infinity":6,"s:31:4:31:Infinity":7,"f:33:15:33:21":2,"s:34:18:34:Infinity":8,"s:35:28:35:Infinity":9,"s:36:25:36:Infinity":10,"s:37:22:37:Infinity":11,"s:38:4:38:Infinity":12,"b:43:0:66:Infinity:undefined:undefined:undefined:undefined":3,"s:43:0:66:Infinity":13,"s:44:17:44:Infinity":14,"b:44:17:44:67:44:67:44:Infinity":4,"s:46:4:50:Infinity":15,"b:47:8:49:Infinity:50:8:50:Infinity":5,"b:48:10:48:Infinity:49:10:49:Infinity":6,"s:51:2:51:Infinity":16,"s:52:2:55:Infinity":17,"s:58:2:65:Infinity":18,"f:58:79:58:80":3,"b:59:4:64:Infinity:undefined:undefined:undefined:undefined":7,"s:59:4:64:Infinity":19,"s:60:24:60:Infinity":20,"b:60:36:60:45:60:45:60:Infinity":8,"s:61:6:61:Infinity":21,"s:62:6:62:Infinity":22,"s:63:6:63:Infinity":23}}}
}
