{"/home/ubuntu/Builds/Redust/src/hooks/useDebounce.ts": {"path":"/home/ubuntu/Builds/Redust/src/hooks/useDebounce.ts","statementMap":{"0":{"start":{"line":4,"column":42},"end":{"line":4,"column":null}},"1":{"start":{"line":6,"column":2},"end":{"line":14,"column":null}},"2":{"start":{"line":7,"column":18},"end":{"line":9,"column":null}},"3":{"start":{"line":8,"column":6},"end":{"line":8,"column":null}},"4":{"start":{"line":11,"column":4},"end":{"line":13,"column":null}},"5":{"start":{"line":12,"column":6},"end":{"line":12,"column":null}},"6":{"start":{"line":16,"column":2},"end":{"line":16,"column":null}},"7":{"start":{"line":23,"column":32},"end":{"line":23,"column":null}},"8":{"start":{"line":25,"column":2},"end":{"line":31,"column":null}},"9":{"start":{"line":26,"column":4},"end":{"line":30,"column":null}},"10":{"start":{"line":27,"column":6},"end":{"line":29,"column":null}},"11":{"start":{"line":28,"column":8},"end":{"line":28,"column":null}},"12":{"start":{"line":33,"column":2},"end":{"line":41,"column":null}},"13":{"start":{"line":34,"column":4},"end":{"line":36,"column":null}},"14":{"start":{"line":35,"column":6},"end":{"line":35,"column":null}},"15":{"start":{"line":37,"column":25},"end":{"line":39,"column":null}},"16":{"start":{"line":38,"column":6},"end":{"line":38,"column":null}},"17":{"start":{"line":40,"column":4},"end":{"line":40,"column":null}}},"fnMap":{"0":{"name":"useDebounce","decl":{"start":{"line":3,"column":16},"end":{"line":3,"column":31}},"loc":{"start":{"line":3,"column":65},"end":{"line":17,"column":null}},"line":3},"1":{"name":"(anonymous_1)","decl":{"start":{"line":6,"column":12},"end":{"line":6,"column":18}},"loc":{"start":{"line":6,"column":18},"end":{"line":14,"column":5}},"line":6},"2":{"name":"(anonymous_2)","decl":{"start":{"line":7,"column":29},"end":{"line":7,"column":35}},"loc":{"start":{"line":7,"column":35},"end":{"line":9,"column":7}},"line":7},"3":{"name":"(anonymous_3)","decl":{"start":{"line":11,"column":11},"end":{"line":11,"column":17}},"loc":{"start":{"line":11,"column":17},"end":{"line":13,"column":null}},"line":11},"4":{"name":"useDebouncedCallback","decl":{"start":{"line":19,"column":16},"end":{"line":19,"column":null}},"loc":{"start":{"line":22,"column":5},"end":{"line":42,"column":null}},"line":22},"5":{"name":"(anonymous_5)","decl":{"start":{"line":25,"column":12},"end":{"line":25,"column":18}},"loc":{"start":{"line":25,"column":18},"end":{"line":31,"column":5}},"line":25},"6":{"name":"(anonymous_6)","decl":{"start":{"line":26,"column":11},"end":{"line":26,"column":17}},"loc":{"start":{"line":26,"column":17},"end":{"line":30,"column":null}},"line":26},"7":{"name":"(anonymous_7)","decl":{"start":{"line":33,"column":10},"end":{"line":33,"column":14}},"loc":{"start":{"line":33,"column":30},"end":{"line":41,"column":null}},"line":33},"8":{"name":"(anonymous_8)","decl":{"start":{"line":37,"column":36},"end":{"line":37,"column":42}},"loc":{"start":{"line":37,"column":42},"end":{"line":39,"column":7}},"line":37}},"branchMap":{"0":{"loc":{"start":{"line":3,"column":41},"end":{"line":3,"column":65}},"type":"default-arg","locations":[{"start":{"line":3,"column":57},"end":{"line":3,"column":65}}],"line":3},"1":{"loc":{"start":{"line":21,"column":2},"end":{"line":21,"column":null}},"type":"default-arg","locations":[{"start":{"line":21,"column":18},"end":{"line":21,"column":null}}],"line":21},"2":{"loc":{"start":{"line":27,"column":6},"end":{"line":29,"column":null}},"type":"if","locations":[{"start":{"line":27,"column":6},"end":{"line":29,"column":null}},{"start":{},"end":{}}],"line":27},"3":{"loc":{"start":{"line":34,"column":4},"end":{"line":36,"column":null}},"type":"if","locations":[{"start":{"line":34,"column":4},"end":{"line":36,"column":null}},{"start":{},"end":{}}],"line":34}},"s":{"0":21,"1":21,"2":15,"3":6,"4":15,"5":15,"6":21,"7":12,"8":12,"9":12,"10":12,"11":7,"12":12,"13":7,"14":2,"15":7,"16":4,"17":7},"f":{"0":21,"1":15,"2":6,"3":15,"4":12,"5":12,"6":12,"7":7,"8":4},"b":{"0":[21],"1":[12],"2":[7,5],"3":[2,5]},"meta":{"lastBranch":4,"lastFunction":9,"lastStatement":18,"seen":{"f:3:16:3:31":0,"b:3:57:3:65":0,"s:4:42:4:Infinity":0,"s:6:2:14:Infinity":1,"f:6:12:6:18":1,"s:7:18:9:Infinity":2,"f:7:29:7:35":2,"s:8:6:8:Infinity":3,"s:11:4:13:Infinity":4,"f:11:11:11:17":3,"s:12:6:12:Infinity":5,"s:16:2:16:Infinity":6,"f:19:16:19:Infinity":4,"b:21:18:21:Infinity":1,"s:23:32:23:Infinity":7,"s:25:2:31:Infinity":8,"f:25:12:25:18":5,"s:26:4:30:Infinity":9,"f:26:11:26:17":6,"b:27:6:29:Infinity:undefined:undefined:undefined:undefined":2,"s:27:6:29:Infinity":10,"s:28:8:28:Infinity":11,"s:33:2:41:Infinity":12,"f:33:10:33:14":7,"b:34:4:36:Infinity:undefined:undefined:undefined:undefined":3,"s:34:4:36:Infinity":13,"s:35:6:35:Infinity":14,"s:37:25:39:Infinity":15,"f:37:36:37:42":8,"s:38:6:38:Infinity":16,"s:40:4:40:Infinity":17}}}
,"/home/ubuntu/Builds/Redust/src/hooks/useEfficientUpdates.ts": {"path":"/home/ubuntu/Builds/Redust/src/hooks/useEfficientUpdates.ts","statementMap":{"0":{"start":{"line":9,"column":22},"end":{"line":9,"column":null}},"1":{"start":{"line":10,"column":32},"end":{"line":10,"column":null}},"2":{"start":{"line":11,"column":8},"end":{"line":11,"column":null}},"3":{"start":{"line":13,"column":22},"end":{"line":34,"column":null}},"4":{"start":{"line":14,"column":4},"end":{"line":14,"column":null}},"5":{"start":{"line":15,"column":4},"end":{"line":33,"column":null}},"6":{"start":{"line":16,"column":22},"end":{"line":16,"column":null}},"7":{"start":{"line":19,"column":35},"end":{"line":23,"column":null}},"8":{"start":{"line":25,"column":6},"end":{"line":28,"column":null}},"9":{"start":{"line":26,"column":8},"end":{"line":26,"column":null}},"10":{"start":{"line":27,"column":8},"end":{"line":27,"column":null}},"11":{"start":{"line":30,"column":6},"end":{"line":30,"column":null}},"12":{"start":{"line":32,"column":6},"end":{"line":32,"column":null}},"13":{"start":{"line":36,"column":2},"end":{"line":40,"column":null}},"14":{"start":{"line":37,"column":4},"end":{"line":37,"column":null}},"15":{"start":{"line":38,"column":18},"end":{"line":38,"column":null}},"16":{"start":{"line":39,"column":4},"end":{"line":39,"column":null}},"17":{"start":{"line":39,"column":17},"end":{"line":39,"column":null}},"18":{"start":{"line":42,"column":2},"end":{"line":42,"column":null}},"19":{"start":{"line":47,"column":2},"end":{"line":51,"column":null}},"20":{"start":{"line":48,"column":19},"end":{"line":48,"column":null}},"21":{"start":{"line":49,"column":26},"end":{"line":49,"column":null}},"22":{"start":{"line":50,"column":4},"end":{"line":50,"column":null}},"23":{"start":{"line":54,"column":2},"end":{"line":71,"column":null}},"24":{"start":{"line":55,"column":20},"end":{"line":55,"column":null}},"25":{"start":{"line":56,"column":20},"end":{"line":56,"column":null}},"26":{"start":{"line":58,"column":4},"end":{"line":69,"column":null}},"27":{"start":{"line":59,"column":24},"end":{"line":59,"column":null}},"28":{"start":{"line":60,"column":24},"end":{"line":60,"column":null}},"29":{"start":{"line":62,"column":6},"end":{"line":68,"column":null}},"30":{"start":{"line":63,"column":23},"end":{"line":63,"column":null}},"31":{"start":{"line":64,"column":30},"end":{"line":64,"column":null}},"32":{"start":{"line":65,"column":8},"end":{"line":67,"column":null}},"33":{"start":{"line":66,"column":10},"end":{"line":66,"column":null}},"34":{"start":{"line":70,"column":4},"end":{"line":70,"column":null}},"35":{"start":{"line":74,"column":2},"end":{"line":74,"column":null}}},"fnMap":{"0":{"name":"useEfficientUpdates","decl":{"start":{"line":3,"column":16},"end":{"line":3,"column":null}},"loc":{"start":{"line":8,"column":28},"end":{"line":43,"column":null}},"line":8},"1":{"name":"(anonymous_1)","decl":{"start":{"line":13,"column":22},"end":{"line":13,"column":34}},"loc":{"start":{"line":13,"column":34},"end":{"line":34,"column":null}},"line":13},"2":{"name":"(anonymous_2)","decl":{"start":{"line":36,"column":12},"end":{"line":36,"column":18}},"loc":{"start":{"line":36,"column":18},"end":{"line":40,"column":5}},"line":36},"3":{"name":"(anonymous_3)","decl":{"start":{"line":39,"column":11},"end":{"line":39,"column":17}},"loc":{"start":{"line":39,"column":17},"end":{"line":39,"column":null}},"line":39},"4":{"name":"hasSignificantDifference","decl":{"start":{"line":45,"column":9},"end":{"line":45,"column":37}},"loc":{"start":{"line":45,"column":93},"end":{"line":75,"column":null}},"line":45}},"branchMap":{"0":{"loc":{"start":{"line":6,"column":2},"end":{"line":6,"column":null}},"type":"default-arg","locations":[{"start":{"line":6,"column":21},"end":{"line":6,"column":null}}],"line":6},"1":{"loc":{"start":{"line":7,"column":2},"end":{"line":7,"column":null}},"type":"default-arg","locations":[{"start":{"line":7,"column":29},"end":{"line":7,"column":null}}],"line":7},"2":{"loc":{"start":{"line":25,"column":6},"end":{"line":28,"column":null}},"type":"if","locations":[{"start":{"line":25,"column":6},"end":{"line":28,"column":null}},{"start":{},"end":{}}],"line":25},"3":{"loc":{"start":{"line":47,"column":2},"end":{"line":51,"column":null}},"type":"if","locations":[{"start":{"line":47,"column":2},"end":{"line":51,"column":null}},{"start":{},"end":{}}],"line":47},"4":{"loc":{"start":{"line":47,"column":6},"end":{"line":47,"column":63}},"type":"binary-expr","locations":[{"start":{"line":47,"column":6},"end":{"line":47,"column":34}},{"start":{"line":47,"column":34},"end":{"line":47,"column":63}}],"line":47},"5":{"loc":{"start":{"line":49,"column":26},"end":{"line":49,"column":null}},"type":"cond-expr","locations":[{"start":{"line":49,"column":40},"end":{"line":49,"column":73}},{"start":{"line":49,"column":73},"end":{"line":49,"column":null}}],"line":49},"6":{"loc":{"start":{"line":54,"column":2},"end":{"line":71,"column":null}},"type":"if","locations":[{"start":{"line":54,"column":2},"end":{"line":71,"column":null}},{"start":{},"end":{}}],"line":54},"7":{"loc":{"start":{"line":54,"column":6},"end":{"line":54,"column":63}},"type":"binary-expr","locations":[{"start":{"line":54,"column":6},"end":{"line":54,"column":34}},{"start":{"line":54,"column":34},"end":{"line":54,"column":63}}],"line":54},"8":{"loc":{"start":{"line":62,"column":6},"end":{"line":68,"column":null}},"type":"if","locations":[{"start":{"line":62,"column":6},"end":{"line":68,"column":null}},{"start":{},"end":{}}],"line":62},"9":{"loc":{"start":{"line":62,"column":10},"end":{"line":62,"column":74}},"type":"binary-expr","locations":[{"start":{"line":62,"column":10},"end":{"line":62,"column":43}},{"start":{"line":62,"column":43},"end":{"line":62,"column":74}}],"line":62},"10":{"loc":{"start":{"line":64,"column":30},"end":{"line":64,"column":null}},"type":"cond-expr","locations":[{"start":{"line":64,"column":49},"end":{"line":64,"column":87}},{"start":{"line":64,"column":87},"end":{"line":64,"column":null}}],"line":64},"11":{"loc":{"start":{"line":65,"column":8},"end":{"line":67,"column":null}},"type":"if","locations":[{"start":{"line":65,"column":8},"end":{"line":67,"column":null}},{"start":{},"end":{}}],"line":65}},"s":{"0":59,"1":59,"2":59,"3":59,"4":29,"5":29,"6":29,"7":28,"8":28,"9":19,"10":19,"11":1,"12":29,"13":59,"14":16,"15":16,"16":16,"17":16,"18":59,"19":28,"20":17,"21":17,"22":17,"23":11,"24":7,"25":7,"26":7,"27":9,"28":9,"29":9,"30":9,"31":9,"32":9,"33":5,"34":2,"35":4},"f":{"0":59,"1":29,"2":16,"3":16,"4":28},"b":{"0":[59],"1":[59],"2":[19,9],"3":[17,11],"4":[28,17],"5":[6,11],"6":[7,4],"7":[11,7],"8":[9,0],"9":[9,9],"10":[6,3],"11":[5,4]},"meta":{"lastBranch":12,"lastFunction":5,"lastStatement":36,"seen":{"f:3:16:3:Infinity":0,"b:6:21:6:Infinity":0,"b:7:29:7:Infinity":1,"s:9:22:9:Infinity":0,"s:10:32:10:Infinity":1,"s:11:8:11:Infinity":2,"s:13:22:34:Infinity":3,"f:13:22:13:34":1,"s:14:4:14:Infinity":4,"s:15:4:33:Infinity":5,"s:16:22:16:Infinity":6,"s:19:35:23:Infinity":7,"b:25:6:28:Infinity:undefined:undefined:undefined:undefined":2,"s:25:6:28:Infinity":8,"s:26:8:26:Infinity":9,"s:27:8:27:Infinity":10,"s:30:6:30:Infinity":11,"s:32:6:32:Infinity":12,"s:36:2:40:Infinity":13,"f:36:12:36:18":2,"s:37:4:37:Infinity":14,"s:38:18:38:Infinity":15,"s:39:4:39:Infinity":16,"f:39:11:39:17":3,"s:39:17:39:Infinity":17,"s:42:2:42:Infinity":18,"f:45:9:45:37":4,"b:47:2:51:Infinity:undefined:undefined:undefined:undefined":3,"s:47:2:51:Infinity":19,"b:47:6:47:34:47:34:47:63":4,"s:48:19:48:Infinity":20,"s:49:26:49:Infinity":21,"b:49:40:49:73:49:73:49:Infinity":5,"s:50:4:50:Infinity":22,"b:54:2:71:Infinity:undefined:undefined:undefined:undefined":6,"s:54:2:71:Infinity":23,"b:54:6:54:34:54:34:54:63":7,"s:55:20:55:Infinity":24,"s:56:20:56:Infinity":25,"s:58:4:69:Infinity":26,"s:59:24:59:Infinity":27,"s:60:24:60:Infinity":28,"b:62:6:68:Infinity:undefined:undefined:undefined:undefined":8,"s:62:6:68:Infinity":29,"b:62:10:62:43:62:43:62:74":9,"s:63:23:63:Infinity":30,"s:64:30:64:Infinity":31,"b:64:49:64:87:64:87:64:Infinity":10,"b:65:8:67:Infinity:undefined:undefined:undefined:undefined":11,"s:65:8:67:Infinity":32,"s:66:10:66:Infinity":33,"s:70:4:70:Infinity":34,"s:74:2:74:Infinity":35}}}
,"/home/ubuntu/Builds/Redust/src/lib/api.ts": {"path":"/home/ubuntu/Builds/Redust/src/lib/api.ts","statementMap":{"0":{"start":{"line":10,"column":2},"end":{"line":10,"column":null}},"1":{"start":{"line":14,"column":2},"end":{"line":14,"column":null}},"2":{"start":{"line":23,"column":2},"end":{"line":23,"column":null}},"3":{"start":{"line":27,"column":2},"end":{"line":27,"column":null}},"4":{"start":{"line":31,"column":2},"end":{"line":31,"column":null}},"5":{"start":{"line":36,"column":2},"end":{"line":36,"column":null}},"6":{"start":{"line":45,"column":2},"end":{"line":45,"column":null}},"7":{"start":{"line":54,"column":2},"end":{"line":54,"column":null}},"8":{"start":{"line":61,"column":2},"end":{"line":61,"column":null}},"9":{"start":{"line":70,"column":2},"end":{"line":70,"column":null}},"10":{"start":{"line":78,"column":2},"end":{"line":78,"column":null}},"11":{"start":{"line":86,"column":2},"end":{"line":86,"column":null}},"12":{"start":{"line":90,"column":2},"end":{"line":90,"column":null}},"13":{"start":{"line":94,"column":2},"end":{"line":94,"column":null}},"14":{"start":{"line":98,"column":2},"end":{"line":98,"column":null}},"15":{"start":{"line":103,"column":2},"end":{"line":103,"column":null}},"16":{"start":{"line":112,"column":2},"end":{"line":112,"column":null}},"17":{"start":{"line":121,"column":2},"end":{"line":121,"column":null}},"18":{"start":{"line":129,"column":2},"end":{"line":129,"column":null}},"19":{"start":{"line":137,"column":2},"end":{"line":137,"column":null}},"20":{"start":{"line":146,"column":2},"end":{"line":146,"column":null}},"21":{"start":{"line":155,"column":2},"end":{"line":155,"column":null}},"22":{"start":{"line":164,"column":2},"end":{"line":164,"column":null}},"23":{"start":{"line":168,"column":2},"end":{"line":168,"column":null}},"24":{"start":{"line":176,"column":2},"end":{"line":176,"column":null}},"25":{"start":{"line":180,"column":2},"end":{"line":180,"column":null}},"26":{"start":{"line":188,"column":2},"end":{"line":188,"column":null}},"27":{"start":{"line":192,"column":2},"end":{"line":192,"column":null}},"28":{"start":{"line":199,"column":2},"end":{"line":199,"column":null}},"29":{"start":{"line":213,"column":2},"end":{"line":213,"column":null}},"30":{"start":{"line":223,"column":2},"end":{"line":223,"column":null}},"31":{"start":{"line":233,"column":2},"end":{"line":233,"column":null}},"32":{"start":{"line":241,"column":2},"end":{"line":241,"column":null}},"33":{"start":{"line":245,"column":2},"end":{"line":245,"column":null}},"34":{"start":{"line":253,"column":2},"end":{"line":253,"column":null}},"35":{"start":{"line":262,"column":2},"end":{"line":262,"column":null}},"36":{"start":{"line":271,"column":2},"end":{"line":271,"column":null}},"37":{"start":{"line":280,"column":2},"end":{"line":280,"column":null}},"38":{"start":{"line":298,"column":2},"end":{"line":298,"column":null}},"39":{"start":{"line":307,"column":2},"end":{"line":307,"column":null}},"40":{"start":{"line":311,"column":2},"end":{"line":311,"column":null}},"41":{"start":{"line":315,"column":2},"end":{"line":315,"column":null}},"42":{"start":{"line":328,"column":2},"end":{"line":328,"column":null}},"43":{"start":{"line":345,"column":2},"end":{"line":345,"column":null}},"44":{"start":{"line":355,"column":2},"end":{"line":355,"column":null}}},"fnMap":{"0":{"name":"testConnection","decl":{"start":{"line":9,"column":22},"end":{"line":9,"column":37}},"loc":{"start":{"line":9,"column":80},"end":{"line":11,"column":null}},"line":9},"1":{"name":"getRedisInfo","decl":{"start":{"line":13,"column":22},"end":{"line":13,"column":35}},"loc":{"start":{"line":13,"column":78},"end":{"line":15,"column":null}},"line":13},"2":{"name":"getKeys","decl":{"start":{"line":18,"column":22},"end":{"line":18,"column":null}},"loc":{"start":{"line":22,"column":22},"end":{"line":24,"column":null}},"line":22},"3":{"name":"getKey","decl":{"start":{"line":26,"column":22},"end":{"line":26,"column":29}},"loc":{"start":{"line":26,"column":86},"end":{"line":28,"column":null}},"line":26},"4":{"name":"deleteKey","decl":{"start":{"line":30,"column":22},"end":{"line":30,"column":32}},"loc":{"start":{"line":30,"column":89},"end":{"line":32,"column":null}},"line":30},"5":{"name":"getString","decl":{"start":{"line":35,"column":22},"end":{"line":35,"column":32}},"loc":{"start":{"line":35,"column":95},"end":{"line":37,"column":null}},"line":35},"6":{"name":"setString","decl":{"start":{"line":39,"column":22},"end":{"line":39,"column":null}},"loc":{"start":{"line":44,"column":20},"end":{"line":46,"column":null}},"line":44},"7":{"name":"hashGet","decl":{"start":{"line":49,"column":22},"end":{"line":49,"column":null}},"loc":{"start":{"line":53,"column":26},"end":{"line":55,"column":null}},"line":53},"8":{"name":"hashGetAll","decl":{"start":{"line":57,"column":22},"end":{"line":57,"column":null}},"loc":{"start":{"line":60,"column":35},"end":{"line":62,"column":null}},"line":60},"9":{"name":"hashSet","decl":{"start":{"line":64,"column":22},"end":{"line":64,"column":null}},"loc":{"start":{"line":69,"column":20},"end":{"line":71,"column":null}},"line":69},"10":{"name":"hashDelete","decl":{"start":{"line":73,"column":22},"end":{"line":73,"column":null}},"loc":{"start":{"line":77,"column":20},"end":{"line":79,"column":null}},"line":77},"11":{"name":"hashExists","decl":{"start":{"line":81,"column":22},"end":{"line":81,"column":null}},"loc":{"start":{"line":85,"column":20},"end":{"line":87,"column":null}},"line":85},"12":{"name":"hashLen","decl":{"start":{"line":89,"column":22},"end":{"line":89,"column":30}},"loc":{"start":{"line":89,"column":86},"end":{"line":91,"column":null}},"line":89},"13":{"name":"hashKeys","decl":{"start":{"line":93,"column":22},"end":{"line":93,"column":31}},"loc":{"start":{"line":93,"column":89},"end":{"line":95,"column":null}},"line":93},"14":{"name":"hashValues","decl":{"start":{"line":97,"column":22},"end":{"line":97,"column":33}},"loc":{"start":{"line":97,"column":91},"end":{"line":99,"column":null}},"line":97},"15":{"name":"listLen","decl":{"start":{"line":102,"column":22},"end":{"line":102,"column":30}},"loc":{"start":{"line":102,"column":86},"end":{"line":104,"column":null}},"line":102},"16":{"name":"listRange","decl":{"start":{"line":106,"column":22},"end":{"line":106,"column":null}},"loc":{"start":{"line":111,"column":21},"end":{"line":113,"column":null}},"line":111},"17":{"name":"listPush","decl":{"start":{"line":115,"column":22},"end":{"line":115,"column":null}},"loc":{"start":{"line":120,"column":19},"end":{"line":122,"column":null}},"line":120},"18":{"name":"listPop","decl":{"start":{"line":124,"column":22},"end":{"line":124,"column":null}},"loc":{"start":{"line":128,"column":26},"end":{"line":130,"column":null}},"line":128},"19":{"name":"listIndex","decl":{"start":{"line":132,"column":22},"end":{"line":132,"column":null}},"loc":{"start":{"line":136,"column":26},"end":{"line":138,"column":null}},"line":136},"20":{"name":"listRemove","decl":{"start":{"line":140,"column":22},"end":{"line":140,"column":null}},"loc":{"start":{"line":145,"column":19},"end":{"line":147,"column":null}},"line":145},"21":{"name":"listTrim","decl":{"start":{"line":149,"column":22},"end":{"line":149,"column":null}},"loc":{"start":{"line":154,"column":20},"end":{"line":156,"column":null}},"line":154},"22":{"name":"setAdd","decl":{"start":{"line":159,"column":22},"end":{"line":159,"column":null}},"loc":{"start":{"line":163,"column":19},"end":{"line":165,"column":null}},"line":163},"23":{"name":"setMembers","decl":{"start":{"line":167,"column":22},"end":{"line":167,"column":33}},"loc":{"start":{"line":167,"column":91},"end":{"line":169,"column":null}},"line":167},"24":{"name":"setRemove","decl":{"start":{"line":171,"column":22},"end":{"line":171,"column":null}},"loc":{"start":{"line":175,"column":19},"end":{"line":177,"column":null}},"line":175},"25":{"name":"setCard","decl":{"start":{"line":179,"column":22},"end":{"line":179,"column":30}},"loc":{"start":{"line":179,"column":86},"end":{"line":181,"column":null}},"line":179},"26":{"name":"setIsMember","decl":{"start":{"line":183,"column":22},"end":{"line":183,"column":null}},"loc":{"start":{"line":187,"column":20},"end":{"line":189,"column":null}},"line":187},"27":{"name":"setPop","decl":{"start":{"line":191,"column":22},"end":{"line":191,"column":29}},"loc":{"start":{"line":191,"column":92},"end":{"line":193,"column":null}},"line":191},"28":{"name":"setRandomMember","decl":{"start":{"line":195,"column":22},"end":{"line":195,"column":null}},"loc":{"start":{"line":198,"column":26},"end":{"line":200,"column":null}},"line":198},"29":{"name":"zsetAdd","decl":{"start":{"line":208,"column":22},"end":{"line":208,"column":null}},"loc":{"start":{"line":212,"column":19},"end":{"line":214,"column":null}},"line":212},"30":{"name":"zsetRange","decl":{"start":{"line":216,"column":22},"end":{"line":216,"column":null}},"loc":{"start":{"line":222,"column":30},"end":{"line":224,"column":null}},"line":222},"31":{"name":"zsetRangeByScore","decl":{"start":{"line":226,"column":22},"end":{"line":226,"column":null}},"loc":{"start":{"line":232,"column":30},"end":{"line":234,"column":null}},"line":232},"32":{"name":"zsetRem","decl":{"start":{"line":236,"column":22},"end":{"line":236,"column":null}},"loc":{"start":{"line":240,"column":19},"end":{"line":242,"column":null}},"line":240},"33":{"name":"zsetCard","decl":{"start":{"line":244,"column":22},"end":{"line":244,"column":31}},"loc":{"start":{"line":244,"column":87},"end":{"line":246,"column":null}},"line":244},"34":{"name":"zsetScore","decl":{"start":{"line":248,"column":22},"end":{"line":248,"column":null}},"loc":{"start":{"line":252,"column":26},"end":{"line":254,"column":null}},"line":252},"35":{"name":"zsetRank","decl":{"start":{"line":256,"column":22},"end":{"line":256,"column":null}},"loc":{"start":{"line":261,"column":26},"end":{"line":263,"column":null}},"line":261},"36":{"name":"zsetCount","decl":{"start":{"line":265,"column":22},"end":{"line":265,"column":null}},"loc":{"start":{"line":270,"column":19},"end":{"line":272,"column":null}},"line":270},"37":{"name":"zsetRemRangeByScore","decl":{"start":{"line":274,"column":22},"end":{"line":274,"column":null}},"loc":{"start":{"line":279,"column":19},"end":{"line":281,"column":null}},"line":279},"38":{"name":"createIndex","decl":{"start":{"line":290,"column":22},"end":{"line":290,"column":null}},"loc":{"start":{"line":297,"column":19},"end":{"line":299,"column":null}},"line":297},"39":{"name":"searchIndex","decl":{"start":{"line":301,"column":22},"end":{"line":301,"column":null}},"loc":{"start":{"line":306,"column":50},"end":{"line":308,"column":null}},"line":306},"40":{"name":"dropIndex","decl":{"start":{"line":310,"column":22},"end":{"line":310,"column":32}},"loc":{"start":{"line":310,"column":95},"end":{"line":312,"column":null}},"line":310},"41":{"name":"getIndexInfo","decl":{"start":{"line":314,"column":22},"end":{"line":314,"column":35}},"loc":{"start":{"line":314,"column":97},"end":{"line":316,"column":null}},"line":314},"42":{"name":"vectorSearch","decl":{"start":{"line":324,"column":22},"end":{"line":324,"column":null}},"loc":{"start":{"line":327,"column":53},"end":{"line":329,"column":null}},"line":327},"43":{"name":"uploadEmbeddings","decl":{"start":{"line":338,"column":22},"end":{"line":338,"column":null}},"loc":{"start":{"line":344,"column":19},"end":{"line":346,"column":null}},"line":344},"44":{"name":"getCachedEmbedding","decl":{"start":{"line":348,"column":22},"end":{"line":348,"column":null}},"loc":{"start":{"line":354,"column":10},"end":{"line":356,"column":null}},"line":354}},"branchMap":{},"s":{"0":1,"1":1,"2":1,"3":1,"4":1,"5":2,"6":2,"7":1,"8":1,"9":1,"10":1,"11":1,"12":1,"13":1,"14":1,"15":1,"16":1,"17":2,"18":2,"19":1,"20":1,"21":1,"22":1,"23":1,"24":1,"25":1,"26":1,"27":1,"28":1,"29":1,"30":2,"31":1,"32":1,"33":1,"34":1,"35":2,"36":1,"37":1,"38":1,"39":2,"40":1,"41":1,"42":1,"43":1,"44":2},"f":{"0":1,"1":1,"2":1,"3":1,"4":1,"5":2,"6":2,"7":1,"8":1,"9":1,"10":1,"11":1,"12":1,"13":1,"14":1,"15":1,"16":1,"17":2,"18":2,"19":1,"20":1,"21":1,"22":1,"23":1,"24":1,"25":1,"26":1,"27":1,"28":1,"29":1,"30":2,"31":1,"32":1,"33":1,"34":1,"35":2,"36":1,"37":1,"38":1,"39":2,"40":1,"41":1,"42":1,"43":1,"44":2},"b":{},"meta":{"lastBranch":0,"lastFunction":45,"lastStatement":45,"seen":{"f:9:22:9:37":0,"s:10:2:10:Infinity":0,"f:13:22:13:35":1,"s:14:2:14:Infinity":1,"f:18:22:18:Infinity":2,"s:23:2:23:Infinity":2,"f:26:22:26:29":3,"s:27:2:27:Infinity":3,"f:30:22:30:32":4,"s:31:2:31:Infinity":4,"f:35:22:35:32":5,"s:36:2:36:Infinity":5,"f:39:22:39:Infinity":6,"s:45:2:45:Infinity":6,"f:49:22:49:Infinity":7,"s:54:2:54:Infinity":7,"f:57:22:57:Infinity":8,"s:61:2:61:Infinity":8,"f:64:22:64:Infinity":9,"s:70:2:70:Infinity":9,"f:73:22:73:Infinity":10,"s:78:2:78:Infinity":10,"f:81:22:81:Infinity":11,"s:86:2:86:Infinity":11,"f:89:22:89:30":12,"s:90:2:90:Infinity":12,"f:93:22:93:31":13,"s:94:2:94:Infinity":13,"f:97:22:97:33":14,"s:98:2:98:Infinity":14,"f:102:22:102:30":15,"s:103:2:103:Infinity":15,"f:106:22:106:Infinity":16,"s:112:2:112:Infinity":16,"f:115:22:115:Infinity":17,"s:121:2:121:Infinity":17,"f:124:22:124:Infinity":18,"s:129:2:129:Infinity":18,"f:132:22:132:Infinity":19,"s:137:2:137:Infinity":19,"f:140:22:140:Infinity":20,"s:146:2:146:Infinity":20,"f:149:22:149:Infinity":21,"s:155:2:155:Infinity":21,"f:159:22:159:Infinity":22,"s:164:2:164:Infinity":22,"f:167:22:167:33":23,"s:168:2:168:Infinity":23,"f:171:22:171:Infinity":24,"s:176:2:176:Infinity":24,"f:179:22:179:30":25,"s:180:2:180:Infinity":25,"f:183:22:183:Infinity":26,"s:188:2:188:Infinity":26,"f:191:22:191:29":27,"s:192:2:192:Infinity":27,"f:195:22:195:Infinity":28,"s:199:2:199:Infinity":28,"f:208:22:208:Infinity":29,"s:213:2:213:Infinity":29,"f:216:22:216:Infinity":30,"s:223:2:223:Infinity":30,"f:226:22:226:Infinity":31,"s:233:2:233:Infinity":31,"f:236:22:236:Infinity":32,"s:241:2:241:Infinity":32,"f:244:22:244:31":33,"s:245:2:245:Infinity":33,"f:248:22:248:Infinity":34,"s:253:2:253:Infinity":34,"f:256:22:256:Infinity":35,"s:262:2:262:Infinity":35,"f:265:22:265:Infinity":36,"s:271:2:271:Infinity":36,"f:274:22:274:Infinity":37,"s:280:2:280:Infinity":37,"f:290:22:290:Infinity":38,"s:298:2:298:Infinity":38,"f:301:22:301:Infinity":39,"s:307:2:307:Infinity":39,"f:310:22:310:32":40,"s:311:2:311:Infinity":40,"f:314:22:314:35":41,"s:315:2:315:Infinity":41,"f:324:22:324:Infinity":42,"s:328:2:328:Infinity":42,"f:338:22:338:Infinity":43,"s:345:2:345:Infinity":43,"f:348:22:348:Infinity":44,"s:355:2:355:Infinity":44}}}
,"/home/ubuntu/Builds/Redust/src/stores/commandPaletteStore.ts": {"path":"/home/ubuntu/Builds/Redust/src/stores/commandPaletteStore.ts","statementMap":{"0":{"start":{"line":29,"column":13},"end":{"line":34,"column":null}},"1":{"start":{"line":29,"column":71},"end":{"line":34,"column":2}},"2":{"start":{"line":31,"column":14},"end":{"line":31,"column":null}},"3":{"start":{"line":32,"column":15},"end":{"line":32,"column":null}},"4":{"start":{"line":33,"column":16},"end":{"line":33,"column":null}},"5":{"start":{"line":33,"column":32},"end":{"line":33,"column":58}}},"fnMap":{"0":{"name":"(anonymous_0)","decl":{"start":{"line":29,"column":61},"end":{"line":29,"column":62}},"loc":{"start":{"line":29,"column":71},"end":{"line":34,"column":2}},"line":29},"1":{"name":"(anonymous_1)","decl":{"start":{"line":31,"column":8},"end":{"line":31,"column":14}},"loc":{"start":{"line":31,"column":14},"end":{"line":31,"column":null}},"line":31},"2":{"name":"(anonymous_2)","decl":{"start":{"line":32,"column":9},"end":{"line":32,"column":15}},"loc":{"start":{"line":32,"column":15},"end":{"line":32,"column":null}},"line":32},"3":{"name":"(anonymous_3)","decl":{"start":{"line":33,"column":10},"end":{"line":33,"column":16}},"loc":{"start":{"line":33,"column":16},"end":{"line":33,"column":null}},"line":33},"4":{"name":"(anonymous_4)","decl":{"start":{"line":33,"column":20},"end":{"line":33,"column":21}},"loc":{"start":{"line":33,"column":32},"end":{"line":33,"column":58}},"line":33}},"branchMap":{},"s":{"0":1,"1":1,"2":8,"3":4,"4":5,"5":5},"f":{"0":1,"1":8,"2":4,"3":5,"4":5},"b":{},"meta":{"lastBranch":0,"lastFunction":5,"lastStatement":6,"seen":{"s:29:13:34:Infinity":0,"f:29:61:29:62":0,"s:29:71:34:2":1,"f:31:8:31:14":1,"s:31:14:31:Infinity":2,"f:32:9:32:15":2,"s:32:15:32:Infinity":3,"f:33:10:33:16":3,"s:33:16:33:Infinity":4,"f:33:20:33:21":4,"s:33:32:33:58":5}}}
,"/home/ubuntu/Builds/Redust/src/stores/connectionStore.ts": {"path":"/home/ubuntu/Builds/Redust/src/stores/connectionStore.ts","statementMap":{"0":{"start":{"line":15,"column":13},"end":{"line":51,"column":null}},"1":{"start":{"line":17,"column":19},"end":{"line":46,"column":null}},"2":{"start":{"line":22,"column":8},"end":{"line":24,"column":null}},"3":{"start":{"line":22,"column":24},"end":{"line":24,"column":10}},"4":{"start":{"line":27,"column":8},"end":{"line":31,"column":null}},"5":{"start":{"line":27,"column":24},"end":{"line":31,"column":10}},"6":{"start":{"line":29,"column":12},"end":{"line":29,"column":null}},"7":{"start":{"line":34,"column":8},"end":{"line":38,"column":null}},"8":{"start":{"line":34,"column":24},"end":{"line":38,"column":10}},"9":{"start":{"line":35,"column":55},"end":{"line":35,"column":66}},"10":{"start":{"line":40,"column":35},"end":{"line":40,"column":null}},"11":{"start":{"line":43,"column":52},"end":{"line":43,"column":null}},"12":{"start":{"line":44,"column":8},"end":{"line":44,"column":null}},"13":{"start":{"line":44,"column":39},"end":{"line":44,"column":66}}},"fnMap":{"0":{"name":"(anonymous_0)","decl":{"start":{"line":17,"column":4},"end":{"line":17,"column":5}},"loc":{"start":{"line":17,"column":19},"end":{"line":46,"column":null}},"line":17},"1":{"name":"(anonymous_1)","decl":{"start":{"line":21,"column":21},"end":{"line":21,"column":22}},"loc":{"start":{"line":22,"column":8},"end":{"line":24,"column":null}},"line":22},"2":{"name":"(anonymous_2)","decl":{"start":{"line":22,"column":12},"end":{"line":22,"column":13}},"loc":{"start":{"line":22,"column":24},"end":{"line":24,"column":10}},"line":22},"3":{"name":"(anonymous_3)","decl":{"start":{"line":26,"column":24},"end":{"line":26,"column":25}},"loc":{"start":{"line":27,"column":8},"end":{"line":31,"column":null}},"line":27},"4":{"name":"(anonymous_4)","decl":{"start":{"line":27,"column":12},"end":{"line":27,"column":13}},"loc":{"start":{"line":27,"column":24},"end":{"line":31,"column":10}},"line":27},"5":{"name":"(anonymous_5)","decl":{"start":{"line":28,"column":45},"end":{"line":28,"column":46}},"loc":{"start":{"line":29,"column":12},"end":{"line":29,"column":null}},"line":29},"6":{"name":"(anonymous_6)","decl":{"start":{"line":33,"column":24},"end":{"line":33,"column":25}},"loc":{"start":{"line":34,"column":8},"end":{"line":38,"column":null}},"line":34},"7":{"name":"(anonymous_7)","decl":{"start":{"line":34,"column":12},"end":{"line":34,"column":13}},"loc":{"start":{"line":34,"column":24},"end":{"line":38,"column":10}},"line":34},"8":{"name":"(anonymous_8)","decl":{"start":{"line":35,"column":48},"end":{"line":35,"column":49}},"loc":{"start":{"line":35,"column":55},"end":{"line":35,"column":66}},"line":35},"9":{"name":"(anonymous_9)","decl":{"start":{"line":40,"column":27},"end":{"line":40,"column":28}},"loc":{"start":{"line":40,"column":35},"end":{"line":40,"column":null}},"line":40},"10":{"name":"(anonymous_10)","decl":{"start":{"line":42,"column":27},"end":{"line":42,"column":33}},"loc":{"start":{"line":42,"column":33},"end":{"line":45,"column":null}},"line":42},"11":{"name":"(anonymous_11)","decl":{"start":{"line":44,"column":32},"end":{"line":44,"column":33}},"loc":{"start":{"line":44,"column":39},"end":{"line":44,"column":66}},"line":44}},"branchMap":{"0":{"loc":{"start":{"line":29,"column":12},"end":{"line":29,"column":null}},"type":"cond-expr","locations":[{"start":{"line":29,"column":26},"end":{"line":29,"column":52}},{"start":{"line":29,"column":52},"end":{"line":29,"column":null}}],"line":29},"1":{"loc":{"start":{"line":37,"column":12},"end":{"line":37,"column":null}},"type":"cond-expr","locations":[{"start":{"line":37,"column":46},"end":{"line":37,"column":53}},{"start":{"line":37,"column":53},"end":{"line":37,"column":null}}],"line":37}},"s":{"0":1,"1":1,"2":6,"3":6,"4":1,"5":1,"6":1,"7":2,"8":2,"9":2,"10":3,"11":1,"12":1,"13":1},"f":{"0":1,"1":6,"2":6,"3":1,"4":1,"5":1,"6":2,"7":2,"8":2,"9":3,"10":1,"11":1},"b":{"0":[1,0],"1":[1,1]},"meta":{"lastBranch":2,"lastFunction":12,"lastStatement":14,"seen":{"s:15:13:51:Infinity":0,"f:17:4:17:5":0,"s:17:19:46:Infinity":1,"f:21:21:21:22":1,"s:22:8:24:Infinity":2,"f:22:12:22:13":2,"s:22:24:24:10":3,"f:26:24:26:25":3,"s:27:8:31:Infinity":4,"f:27:12:27:13":4,"s:27:24:31:10":5,"f:28:45:28:46":5,"s:29:12:29:Infinity":6,"b:29:26:29:52:29:52:29:Infinity":0,"f:33:24:33:25":6,"s:34:8:38:Infinity":7,"f:34:12:34:13":7,"s:34:24:38:10":8,"f:35:48:35:49":8,"s:35:55:35:66":9,"b:37:46:37:53:37:53:37:Infinity":1,"f:40:27:40:28":9,"s:40:35:40:Infinity":10,"f:42:27:42:33":10,"s:43:52:43:Infinity":11,"s:44:8:44:Infinity":12,"f:44:32:44:33":11,"s:44:39:44:66":13}}}
,"/home/ubuntu/Builds/Redust/src/stores/keyStore.ts": {"path":"/home/ubuntu/Builds/Redust/src/stores/keyStore.ts","statementMap":{"0":{"start":{"line":15,"column":13},"end":{"line":25,"column":null}},"1":{"start":{"line":15,"column":54},"end":{"line":25,"column":2}},"2":{"start":{"line":21,"column":21},"end":{"line":21,"column":null}},"3":{"start":{"line":22,"column":27},"end":{"line":22,"column":null}},"4":{"start":{"line":23,"column":33},"end":{"line":23,"column":null}},"5":{"start":{"line":24,"column":29},"end":{"line":24,"column":null}}},"fnMap":{"0":{"name":"(anonymous_0)","decl":{"start":{"line":15,"column":44},"end":{"line":15,"column":45}},"loc":{"start":{"line":15,"column":54},"end":{"line":25,"column":2}},"line":15},"1":{"name":"(anonymous_1)","decl":{"start":{"line":21,"column":11},"end":{"line":21,"column":12}},"loc":{"start":{"line":21,"column":21},"end":{"line":21,"column":null}},"line":21},"2":{"name":"(anonymous_2)","decl":{"start":{"line":22,"column":18},"end":{"line":22,"column":19}},"loc":{"start":{"line":22,"column":27},"end":{"line":22,"column":null}},"line":22},"3":{"name":"(anonymous_3)","decl":{"start":{"line":23,"column":20},"end":{"line":23,"column":21}},"loc":{"start":{"line":23,"column":33},"end":{"line":23,"column":null}},"line":23},"4":{"name":"(anonymous_4)","decl":{"start":{"line":24,"column":16},"end":{"line":24,"column":17}},"loc":{"start":{"line":24,"column":29},"end":{"line":24,"column":null}},"line":24}},"branchMap":{},"s":{"0":1,"1":1,"2":5,"3":5,"4":3,"5":5},"f":{"0":1,"1":5,"2":5,"3":3,"4":5},"b":{},"meta":{"lastBranch":0,"lastFunction":5,"lastStatement":6,"seen":{"s:15:13:25:Infinity":0,"f:15:44:15:45":0,"s:15:54:25:2":1,"f:21:11:21:12":1,"s:21:21:21:Infinity":2,"f:22:18:22:19":2,"s:22:27:22:Infinity":3,"f:23:20:23:21":3,"s:23:33:23:Infinity":4,"f:24:16:24:17":4,"s:24:29:24:Infinity":5}}}
,"/home/ubuntu/Builds/Redust/src/stores/splitPaneStore.ts": {"path":"/home/ubuntu/Builds/Redust/src/stores/splitPaneStore.ts","statementMap":{"0":{"start":{"line":15,"column":13},"end":{"line":28,"column":null}},"1":{"start":{"line":15,"column":66},"end":{"line":28,"column":2}},"2":{"start":{"line":19,"column":26},"end":{"line":19,"column":null}},"3":{"start":{"line":20,"column":23},"end":{"line":20,"column":null}},"4":{"start":{"line":21,"column":24},"end":{"line":21,"column":null}},"5":{"start":{"line":23,"column":4},"end":{"line":27,"column":null}}},"fnMap":{"0":{"name":"(anonymous_0)","decl":{"start":{"line":15,"column":56},"end":{"line":15,"column":57}},"loc":{"start":{"line":15,"column":66},"end":{"line":28,"column":2}},"line":15},"1":{"name":"(anonymous_1)","decl":{"start":{"line":19,"column":16},"end":{"line":19,"column":17}},"loc":{"start":{"line":19,"column":26},"end":{"line":19,"column":null}},"line":19},"2":{"name":"(anonymous_2)","decl":{"start":{"line":20,"column":14},"end":{"line":20,"column":15}},"loc":{"start":{"line":20,"column":23},"end":{"line":20,"column":null}},"line":20},"3":{"name":"(anonymous_3)","decl":{"start":{"line":21,"column":15},"end":{"line":21,"column":16}},"loc":{"start":{"line":21,"column":24},"end":{"line":21,"column":null}},"line":21},"4":{"name":"(anonymous_4)","decl":{"start":{"line":22,"column":14},"end":{"line":22,"column":null}},"loc":{"start":{"line":23,"column":4},"end":{"line":27,"column":null}},"line":23}},"branchMap":{},"s":{"0":1,"1":1,"2":5,"3":7,"4":7,"5":1},"f":{"0":1,"1":5,"2":7,"3":7,"4":1},"b":{},"meta":{"lastBranch":0,"lastFunction":5,"lastStatement":6,"seen":{"s:15:13:28:Infinity":0,"f:15:56:15:57":0,"s:15:66:28:2":1,"f:19:16:19:17":1,"s:19:26:19:Infinity":2,"f:20:14:20:15":2,"s:20:23:20:Infinity":3,"f:21:15:21:16":3,"s:21:24:21:Infinity":4,"f:22:14:22:Infinity":4,"s:23:4:27:Infinity":5}}}
}
